{"C:\\Users\\Mast3\\OneDrive\\Documents\\GitHub Rep\\Telegram SelfBot\\web\\src\\App.tsx": {"path":"C:\\Users\\Mast3\\OneDrive\\Documents\\GitHub Rep\\Telegram SelfBot\\web\\src\\App.tsx","statementMap":{"0":{"start":{"line":10,"column":18},"end":{"line":10,"column":62}},"1":{"start":{"line":10,"column":29},"end":{"line":10,"column":61}},"2":{"start":{"line":11,"column":21},"end":{"line":11,"column":68}},"3":{"start":{"line":11,"column":32},"end":{"line":11,"column":67}},"4":{"start":{"line":12,"column":22},"end":{"line":12,"column":75}},"5":{"start":{"line":12,"column":33},"end":{"line":12,"column":74}},"6":{"start":{"line":13,"column":20},"end":{"line":13,"column":71}},"7":{"start":{"line":13,"column":31},"end":{"line":13,"column":70}},"8":{"start":{"line":14,"column":21},"end":{"line":14,"column":73}},"9":{"start":{"line":14,"column":32},"end":{"line":14,"column":72}},"10":{"start":{"line":15,"column":18},"end":{"line":15,"column":67}},"11":{"start":{"line":15,"column":29},"end":{"line":15,"column":66}},"12":{"start":{"line":16,"column":18},"end":{"line":16,"column":67}},"13":{"start":{"line":16,"column":29},"end":{"line":16,"column":66}},"14":{"start":{"line":17,"column":17},"end":{"line":17,"column":65}},"15":{"start":{"line":17,"column":28},"end":{"line":17,"column":64}},"16":{"start":{"line":18,"column":21},"end":{"line":18,"column":63}},"17":{"start":{"line":18,"column":32},"end":{"line":18,"column":62}},"18":{"start":{"line":21,"column":23},"end":{"line":29,"column":1}},"19":{"start":{"line":22,"column":30},"end":{"line":22,"column":44}},"20":{"start":{"line":24,"column":2},"end":{"line":26,"column":3}},"21":{"start":{"line":25,"column":4},"end":{"line":25,"column":null}},"22":{"start":{"line":28,"column":2},"end":{"line":28,"column":null}},"23":{"start":{"line":32,"column":20},"end":{"line":40,"column":1}},"24":{"start":{"line":33,"column":30},"end":{"line":33,"column":44}},"25":{"start":{"line":35,"column":2},"end":{"line":37,"column":3}},"26":{"start":{"line":36,"column":4},"end":{"line":36,"column":null}},"27":{"start":{"line":39,"column":2},"end":{"line":39,"column":null}},"28":{"start":{"line":43,"column":2},"end":{"line":122,"column":null}}},"fnMap":{"0":{"name":"(anonymous_0)","decl":{"start":{"line":10,"column":23},"end":{"line":10,"column":26}},"loc":{"start":{"line":10,"column":29},"end":{"line":10,"column":61}}},"1":{"name":"(anonymous_1)","decl":{"start":{"line":11,"column":26},"end":{"line":11,"column":29}},"loc":{"start":{"line":11,"column":32},"end":{"line":11,"column":67}}},"2":{"name":"(anonymous_2)","decl":{"start":{"line":12,"column":27},"end":{"line":12,"column":30}},"loc":{"start":{"line":12,"column":33},"end":{"line":12,"column":74}}},"3":{"name":"(anonymous_3)","decl":{"start":{"line":13,"column":25},"end":{"line":13,"column":28}},"loc":{"start":{"line":13,"column":31},"end":{"line":13,"column":70}}},"4":{"name":"(anonymous_4)","decl":{"start":{"line":14,"column":26},"end":{"line":14,"column":29}},"loc":{"start":{"line":14,"column":32},"end":{"line":14,"column":72}}},"5":{"name":"(anonymous_5)","decl":{"start":{"line":15,"column":23},"end":{"line":15,"column":26}},"loc":{"start":{"line":15,"column":29},"end":{"line":15,"column":66}}},"6":{"name":"(anonymous_6)","decl":{"start":{"line":16,"column":23},"end":{"line":16,"column":26}},"loc":{"start":{"line":16,"column":29},"end":{"line":16,"column":66}}},"7":{"name":"(anonymous_7)","decl":{"start":{"line":17,"column":22},"end":{"line":17,"column":25}},"loc":{"start":{"line":17,"column":28},"end":{"line":17,"column":64}}},"8":{"name":"(anonymous_8)","decl":{"start":{"line":18,"column":26},"end":{"line":18,"column":29}},"loc":{"start":{"line":18,"column":32},"end":{"line":18,"column":62}}},"9":{"name":"(anonymous_9)","decl":{"start":{"line":21,"column":23},"end":{"line":21,"column":24}},"loc":{"start":{"line":21,"column":65},"end":{"line":29,"column":1}}},"10":{"name":"(anonymous_10)","decl":{"start":{"line":32,"column":20},"end":{"line":32,"column":21}},"loc":{"start":{"line":32,"column":62},"end":{"line":40,"column":1}}},"11":{"name":"App","decl":{"start":{"line":42,"column":9},"end":{"line":42,"column":12}},"loc":{"start":{"line":42,"column":12},"end":{"line":123,"column":1}}}},"branchMap":{"0":{"loc":{"start":{"line":24,"column":2},"end":{"line":26,"column":3}},"type":"if","locations":[{"start":{"line":24,"column":2},"end":{"line":26,"column":3}}]},"1":{"loc":{"start":{"line":35,"column":2},"end":{"line":37,"column":3}},"type":"if","locations":[{"start":{"line":35,"column":2},"end":{"line":37,"column":3}}]}},"s":{"0":0,"1":0,"2":0,"3":0,"4":0,"5":0,"6":0,"7":0,"8":0,"9":0,"10":0,"11":0,"12":0,"13":0,"14":0,"15":0,"16":0,"17":0,"18":0,"19":0,"20":0,"21":0,"22":0,"23":0,"24":0,"25":0,"26":0,"27":0,"28":0},"f":{"0":0,"1":0,"2":0,"3":0,"4":0,"5":0,"6":0,"7":0,"8":0,"9":0,"10":0,"11":0},"b":{"0":[0],"1":[0]}}
,"C:\\Users\\Mast3\\OneDrive\\Documents\\GitHub Rep\\Telegram SelfBot\\web\\src\\__tests__\\mocks\\handlers.ts": {"path":"C:\\Users\\Mast3\\OneDrive\\Documents\\GitHub Rep\\Telegram SelfBot\\web\\src\\__tests__\\mocks\\handlers.ts","statementMap":{"0":{"start":{"line":4,"column":24},"end":{"line":151,"column":null}},"1":{"start":{"line":7,"column":4},"end":{"line":14,"column":null}},"2":{"start":{"line":19,"column":4},"end":{"line":30,"column":null}},"3":{"start":{"line":35,"column":4},"end":{"line":59,"column":null}},"4":{"start":{"line":64,"column":4},"end":{"line":76,"column":null}},"5":{"start":{"line":81,"column":15},"end":{"line":81,"column":24}},"6":{"start":{"line":82,"column":17},"end":{"line":82,"column":37}},"7":{"start":{"line":83,"column":4},"end":{"line":89,"column":null}},"8":{"start":{"line":94,"column":4},"end":{"line":94,"column":null}},"9":{"start":{"line":99,"column":4},"end":{"line":110,"column":null}},"10":{"start":{"line":115,"column":4},"end":{"line":135,"column":null}},"11":{"start":{"line":140,"column":4},"end":{"line":149,"column":null}}},"fnMap":{"0":{"name":"(anonymous_0)","decl":{"start":{"line":6,"column":31},"end":{"line":6,"column":34}},"loc":{"start":{"line":6,"column":36},"end":{"line":15,"column":3}}},"1":{"name":"(anonymous_1)","decl":{"start":{"line":18,"column":28},"end":{"line":18,"column":31}},"loc":{"start":{"line":18,"column":33},"end":{"line":31,"column":3}}},"2":{"name":"(anonymous_2)","decl":{"start":{"line":34,"column":27},"end":{"line":34,"column":30}},"loc":{"start":{"line":34,"column":32},"end":{"line":60,"column":3}}},"3":{"name":"(anonymous_3)","decl":{"start":{"line":63,"column":36},"end":{"line":63,"column":39}},"loc":{"start":{"line":63,"column":41},"end":{"line":77,"column":3}}},"4":{"name":"(anonymous_4)","decl":{"start":{"line":80,"column":33},"end":{"line":80,"column":38}},"loc":{"start":{"line":80,"column":63},"end":{"line":90,"column":3}}},"5":{"name":"(anonymous_5)","decl":{"start":{"line":93,"column":34},"end":{"line":93,"column":37}},"loc":{"start":{"line":93,"column":39},"end":{"line":95,"column":3}}},"6":{"name":"(anonymous_6)","decl":{"start":{"line":98,"column":33},"end":{"line":98,"column":36}},"loc":{"start":{"line":98,"column":38},"end":{"line":111,"column":3}}},"7":{"name":"(anonymous_7)","decl":{"start":{"line":114,"column":37},"end":{"line":114,"column":40}},"loc":{"start":{"line":114,"column":42},"end":{"line":136,"column":3}}},"8":{"name":"(anonymous_8)","decl":{"start":{"line":139,"column":36},"end":{"line":139,"column":39}},"loc":{"start":{"line":139,"column":41},"end":{"line":150,"column":3}}}},"branchMap":{},"s":{"0":0,"1":0,"2":0,"3":0,"4":0,"5":0,"6":0,"7":0,"8":0,"9":0,"10":0,"11":0},"f":{"0":0,"1":0,"2":0,"3":0,"4":0,"5":0,"6":0,"7":0,"8":0},"b":{}}
,"C:\\Users\\Mast3\\OneDrive\\Documents\\GitHub Rep\\Telegram SelfBot\\web\\src\\__tests__\\mocks\\server.ts": {"path":"C:\\Users\\Mast3\\OneDrive\\Documents\\GitHub Rep\\Telegram SelfBot\\web\\src\\__tests__\\mocks\\server.ts","statementMap":{"0":{"start":{"line":5,"column":22},"end":{"line":5,"column":46}}},"fnMap":{},"branchMap":{},"s":{"0":0},"f":{},"b":{}}
,"C:\\Users\\Mast3\\OneDrive\\Documents\\GitHub Rep\\Telegram SelfBot\\web\\src\\api\\apiClient.ts": {"path":"C:\\Users\\Mast3\\OneDrive\\Documents\\GitHub Rep\\Telegram SelfBot\\web\\src\\api\\apiClient.ts","statementMap":{"0":{"start":{"line":6,"column":10},"end":{"line":6,"column":null}},"1":{"start":{"line":7,"column":10},"end":{"line":7,"column":null}},"2":{"start":{"line":10,"column":4},"end":{"line":10,"column":58}},"3":{"start":{"line":12,"column":4},"end":{"line":17,"column":7}},"4":{"start":{"line":20,"column":4},"end":{"line":29,"column":6}},"5":{"start":{"line":22,"column":22},"end":{"line":22,"column":51}},"6":{"start":{"line":23,"column":8},"end":{"line":25,"column":9}},"7":{"start":{"line":24,"column":10},"end":{"line":24,"column":62}},"8":{"start":{"line":26,"column":8},"end":{"line":26,"column":22}},"9":{"start":{"line":28,"column":17},"end":{"line":28,"column":38}},"10":{"start":{"line":32,"column":4},"end":{"line":40,"column":6}},"11":{"start":{"line":33,"column":20},"end":{"line":33,"column":28}},"12":{"start":{"line":35,"column":8},"end":{"line":37,"column":9}},"13":{"start":{"line":36,"column":10},"end":{"line":36,"column":43}},"14":{"start":{"line":38,"column":8},"end":{"line":38,"column":37}},"15":{"start":{"line":45,"column":39},"end":{"line":45,"column":70}},"16":{"start":{"line":46,"column":4},"end":{"line":46,"column":25}},"17":{"start":{"line":51,"column":39},"end":{"line":51,"column":77}},"18":{"start":{"line":52,"column":4},"end":{"line":52,"column":25}},"19":{"start":{"line":57,"column":39},"end":{"line":57,"column":76}},"20":{"start":{"line":58,"column":4},"end":{"line":58,"column":25}},"21":{"start":{"line":63,"column":39},"end":{"line":63,"column":78}},"22":{"start":{"line":64,"column":4},"end":{"line":64,"column":25}},"23":{"start":{"line":69,"column":39},"end":{"line":69,"column":73}},"24":{"start":{"line":70,"column":4},"end":{"line":70,"column":25}},"25":{"start":{"line":75,"column":25},"end":{"line":75,"column":40}}},"fnMap":{"0":{"name":"(anonymous_0)","decl":{"start":{"line":9,"column":2},"end":{"line":9,"column":null}},"loc":{"start":{"line":9,"column":2},"end":{"line":41,"column":3}}},"1":{"name":"(anonymous_1)","decl":{"start":{"line":21,"column":6},"end":{"line":21,"column":7}},"loc":{"start":{"line":21,"column":17},"end":{"line":27,"column":7}}},"2":{"name":"(anonymous_2)","decl":{"start":{"line":28,"column":6},"end":{"line":28,"column":7}},"loc":{"start":{"line":28,"column":17},"end":{"line":28,"column":38}}},"3":{"name":"(anonymous_3)","decl":{"start":{"line":33,"column":6},"end":{"line":33,"column":7}},"loc":{"start":{"line":33,"column":20},"end":{"line":33,"column":28}}},"4":{"name":"(anonymous_4)","decl":{"start":{"line":34,"column":6},"end":{"line":34,"column":7}},"loc":{"start":{"line":34,"column":16},"end":{"line":39,"column":7}}},"5":{"name":"(anonymous_5)","decl":{"start":{"line":44,"column":2},"end":{"line":44,"column":7}},"loc":{"start":{"line":44,"column":55},"end":{"line":47,"column":3}}},"6":{"name":"(anonymous_6)","decl":{"start":{"line":50,"column":2},"end":{"line":50,"column":7}},"loc":{"start":{"line":50,"column":68},"end":{"line":53,"column":3}}},"7":{"name":"(anonymous_7)","decl":{"start":{"line":56,"column":2},"end":{"line":56,"column":7}},"loc":{"start":{"line":56,"column":67},"end":{"line":59,"column":3}}},"8":{"name":"(anonymous_8)","decl":{"start":{"line":62,"column":2},"end":{"line":62,"column":7}},"loc":{"start":{"line":62,"column":69},"end":{"line":65,"column":3}}},"9":{"name":"(anonymous_9)","decl":{"start":{"line":68,"column":2},"end":{"line":68,"column":7}},"loc":{"start":{"line":68,"column":58},"end":{"line":71,"column":3}}}},"branchMap":{"0":{"loc":{"start":{"line":10,"column":19},"end":{"line":10,"column":57}},"type":"binary-expr","locations":[{"start":{"line":10,"column":19},"end":{"line":10,"column":47}},{"start":{"line":10,"column":51},"end":{"line":10,"column":57}}]},"1":{"loc":{"start":{"line":23,"column":8},"end":{"line":25,"column":9}},"type":"if","locations":[{"start":{"line":23,"column":8},"end":{"line":25,"column":9}}]},"2":{"loc":{"start":{"line":35,"column":8},"end":{"line":37,"column":9}},"type":"if","locations":[{"start":{"line":35,"column":8},"end":{"line":37,"column":9}}]}},"s":{"0":0,"1":0,"2":0,"3":0,"4":0,"5":0,"6":0,"7":0,"8":0,"9":0,"10":0,"11":0,"12":0,"13":0,"14":0,"15":0,"16":0,"17":0,"18":0,"19":0,"20":0,"21":0,"22":0,"23":0,"24":0,"25":0},"f":{"0":0,"1":0,"2":0,"3":0,"4":0,"5":0,"6":0,"7":0,"8":0,"9":0},"b":{"0":[0,0],"1":[0],"2":[0]}}
,"C:\\Users\\Mast3\\OneDrive\\Documents\\GitHub Rep\\Telegram SelfBot\\web\\src\\components\\dashboard\\ActivityChart.tsx": {"path":"C:\\Users\\Mast3\\OneDrive\\Documents\\GitHub Rep\\Telegram SelfBot\\web\\src\\components\\dashboard\\ActivityChart.tsx","statementMap":{"0":{"start":{"line":23,"column":52},"end":{"line":88,"column":1}},"1":{"start":{"line":34,"column":2},"end":{"line":87,"column":null}},"2":{"start":{"line":49,"column":18},"end":{"line":49,"column":35}},"3":{"start":{"line":54,"column":18},"end":{"line":54,"column":42}},"4":{"start":{"line":64,"column":41},"end":{"line":64,"column":66}},"5":{"start":{"line":65,"column":38},"end":{"line":65,"column":81}},"6":{"start":{"line":66,"column":24},"end":{"line":76,"column":null}}},"fnMap":{"0":{"name":"(anonymous_0)","decl":{"start":{"line":23,"column":52},"end":{"line":23,"column":53}},"loc":{"start":{"line":29,"column":5},"end":{"line":88,"column":1}}},"1":{"name":"(anonymous_1)","decl":{"start":{"line":48,"column":33},"end":{"line":48,"column":34}},"loc":{"start":{"line":49,"column":18},"end":{"line":49,"column":35}}},"2":{"name":"(anonymous_2)","decl":{"start":{"line":53,"column":35},"end":{"line":53,"column":36}},"loc":{"start":{"line":54,"column":18},"end":{"line":54,"column":42}}},"3":{"name":"(anonymous_3)","decl":{"start":{"line":63,"column":40},"end":{"line":63,"column":41}},"loc":{"start":{"line":63,"column":57},"end":{"line":77,"column":23}}}},"branchMap":{"0":{"loc":{"start":{"line":26,"column":2},"end":{"line":26,"column":15}},"type":"default-arg","locations":[{"start":{"line":26,"column":9},"end":{"line":26,"column":15}}]},"1":{"loc":{"start":{"line":27,"column":2},"end":{"line":27,"column":14}},"type":"default-arg","locations":[{"start":{"line":27,"column":11},"end":{"line":27,"column":14}}]},"2":{"loc":{"start":{"line":28,"column":2},"end":{"line":28,"column":17}},"type":"default-arg","locations":[{"start":{"line":28,"column":12},"end":{"line":28,"column":17}}]},"3":{"loc":{"start":{"line":40,"column":9},"end":{"line":83,"column":null}},"type":"cond-expr","locations":[{"start":{"line":41,"column":10},"end":{"line":42,"column":null}},{"start":{"line":45,"column":10},"end":{"line":82,"column":null}}]},"4":{"loc":{"start":{"line":58,"column":50},"end":{"line":58,"column":86}},"type":"binary-expr","locations":[{"start":{"line":58,"column":50},"end":{"line":58,"column":73}},{"start":{"line":58,"column":77},"end":{"line":58,"column":86}}]},"5":{"loc":{"start":{"line":65,"column":38},"end":{"line":65,"column":81}},"type":"cond-expr","locations":[{"start":{"line":65,"column":53},"end":{"line":65,"column":77}},{"start":{"line":65,"column":80},"end":{"line":65,"column":81}}]},"6":{"loc":{"start":{"line":72,"column":47},"end":{"line":72,"column":83}},"type":"binary-expr","locations":[{"start":{"line":72,"column":47},"end":{"line":72,"column":70}},{"start":{"line":72,"column":74},"end":{"line":72,"column":83}}]}},"s":{"0":0,"1":0,"2":0,"3":0,"4":0,"5":0,"6":0},"f":{"0":0,"1":0,"2":0,"3":0},"b":{"0":[0],"1":[0],"2":[0],"3":[0,0],"4":[0,0],"5":[0,0],"6":[0,0]}}
,"C:\\Users\\Mast3\\OneDrive\\Documents\\GitHub Rep\\Telegram SelfBot\\web\\src\\components\\dashboard\\ActivityList.tsx": {"path":"C:\\Users\\Mast3\\OneDrive\\Documents\\GitHub Rep\\Telegram SelfBot\\web\\src\\components\\dashboard\\ActivityList.tsx","statementMap":{"0":{"start":{"line":20,"column":57},"end":{"line":115,"column":1}},"1":{"start":{"line":27,"column":21},"end":{"line":42,"column":3}},"2":{"start":{"line":28,"column":4},"end":{"line":28,"column":null}},"3":{"start":{"line":28,"column":21},"end":{"line":28,"column":null}},"4":{"start":{"line":30,"column":4},"end":{"line":41,"column":5}},"5":{"start":{"line":31,"column":19},"end":{"line":31,"column":39}},"6":{"start":{"line":32,"column":6},"end":{"line":38,"column":null}},"7":{"start":{"line":40,"column":6},"end":{"line":40,"column":null}},"8":{"start":{"line":45,"column":32},"end":{"line":63,"column":3}},"9":{"start":{"line":46,"column":4},"end":{"line":62,"column":5}},"10":{"start":{"line":49,"column":8},"end":{"line":49,"column":null}},"11":{"start":{"line":51,"column":8},"end":{"line":51,"column":null}},"12":{"start":{"line":53,"column":8},"end":{"line":53,"column":null}},"13":{"start":{"line":55,"column":8},"end":{"line":55,"column":null}},"14":{"start":{"line":57,"column":8},"end":{"line":57,"column":null}},"15":{"start":{"line":59,"column":8},"end":{"line":59,"column":null}},"16":{"start":{"line":61,"column":8},"end":{"line":61,"column":null}},"17":{"start":{"line":65,"column":30},"end":{"line":65,"column":83}},"18":{"start":{"line":67,"column":2},"end":{"line":114,"column":null}},"19":{"start":{"line":78,"column":14},"end":{"line":78,"column":27}},"20":{"start":{"line":91,"column":14},"end":{"line":91,"column":37}}},"fnMap":{"0":{"name":"(anonymous_0)","decl":{"start":{"line":20,"column":57},"end":{"line":20,"column":58}},"loc":{"start":{"line":25,"column":24},"end":{"line":115,"column":1}}},"1":{"name":"(anonymous_1)","decl":{"start":{"line":27,"column":21},"end":{"line":27,"column":22}},"loc":{"start":{"line":27,"column":44},"end":{"line":42,"column":3}}},"2":{"name":"(anonymous_2)","decl":{"start":{"line":45,"column":32},"end":{"line":45,"column":33}},"loc":{"start":{"line":45,"column":49},"end":{"line":63,"column":3}}},"3":{"name":"(anonymous_3)","decl":{"start":{"line":77,"column":31},"end":{"line":77,"column":32}},"loc":{"start":{"line":78,"column":14},"end":{"line":78,"column":27}}},"4":{"name":"(anonymous_4)","decl":{"start":{"line":90,"column":37},"end":{"line":90,"column":38}},"loc":{"start":{"line":91,"column":14},"end":{"line":91,"column":37}}}},"branchMap":{"0":{"loc":{"start":{"line":22,"column":2},"end":{"line":22,"column":17}},"type":"default-arg","locations":[{"start":{"line":22,"column":12},"end":{"line":22,"column":17}}]},"1":{"loc":{"start":{"line":23,"column":2},"end":{"line":23,"column":14}},"type":"default-arg","locations":[{"start":{"line":23,"column":13},"end":{"line":23,"column":14}}]},"2":{"loc":{"start":{"line":24,"column":2},"end":{"line":24,"column":19}},"type":"default-arg","locations":[{"start":{"line":24,"column":15},"end":{"line":24,"column":19}}]},"3":{"loc":{"start":{"line":28,"column":4},"end":{"line":28,"column":null}},"type":"if","locations":[{"start":{"line":28,"column":4},"end":{"line":28,"column":null}}]},"4":{"loc":{"start":{"line":46,"column":4},"end":{"line":62,"column":5}},"type":"switch","locations":[{"start":{"line":47,"column":6},"end":{"line":47,"column":19}},{"start":{"line":48,"column":6},"end":{"line":49,"column":null}},{"start":{"line":50,"column":6},"end":{"line":51,"column":null}},{"start":{"line":52,"column":6},"end":{"line":53,"column":null}},{"start":{"line":54,"column":6},"end":{"line":55,"column":null}},{"start":{"line":56,"column":6},"end":{"line":57,"column":null}},{"start":{"line":58,"column":6},"end":{"line":59,"column":null}},{"start":{"line":60,"column":6},"end":{"line":61,"column":null}}]},"5":{"loc":{"start":{"line":65,"column":30},"end":{"line":65,"column":83}},"type":"cond-expr","locations":[{"start":{"line":65,"column":41},"end":{"line":65,"column":70}},{"start":{"line":65,"column":73},"end":{"line":65,"column":83}}]},"6":{"loc":{"start":{"line":69,"column":7},"end":{"line":72,"column":null}},"type":"binary-expr","locations":[{"start":{"line":69,"column":7},"end":{"line":69,"column":17}},{"start":{"line":70,"column":8},"end":{"line":71,"column":null}}]},"7":{"loc":{"start":{"line":75,"column":9},"end":{"line":110,"column":null}},"type":"cond-expr","locations":[{"start":{"line":76,"column":10},"end":{"line":82,"column":null}},{"start":{"line":84,"column":12},"end":{"line":110,"column":null}}]},"8":{"loc":{"start":{"line":84,"column":12},"end":{"line":110,"column":null}},"type":"cond-expr","locations":[{"start":{"line":85,"column":10},"end":{"line":85,"column":null}},{"start":{"line":89,"column":10},"end":{"line":109,"column":null}}]},"9":{"loc":{"start":{"line":103,"column":17},"end":{"line":106,"column":null}},"type":"binary-expr","locations":[{"start":{"line":103,"column":17},"end":{"line":103,"column":34}},{"start":{"line":104,"column":18},"end":{"line":105,"column":null}}]}},"s":{"0":0,"1":0,"2":0,"3":0,"4":0,"5":0,"6":0,"7":0,"8":0,"9":0,"10":0,"11":0,"12":0,"13":0,"14":0,"15":0,"16":0,"17":0,"18":0,"19":0,"20":0},"f":{"0":0,"1":0,"2":0,"3":0,"4":0},"b":{"0":[0],"1":[0],"2":[0],"3":[0],"4":[0,0,0,0,0,0,0,0],"5":[0,0],"6":[0,0],"7":[0,0],"8":[0,0],"9":[0,0]}}
,"C:\\Users\\Mast3\\OneDrive\\Documents\\GitHub Rep\\Telegram SelfBot\\web\\src\\components\\dashboard\\StatsWidget.tsx": {"path":"C:\\Users\\Mast3\\OneDrive\\Documents\\GitHub Rep\\Telegram SelfBot\\web\\src\\components\\dashboard\\StatsWidget.tsx","statementMap":{"0":{"start":{"line":18,"column":55},"end":{"line":66,"column":1}},"1":{"start":{"line":26,"column":2},"end":{"line":65,"column":null}},"2":{"start":{"line":73,"column":59},"end":{"line":87,"column":1}},"3":{"start":{"line":77,"column":2},"end":{"line":86,"column":null}},"4":{"start":{"line":78,"column":64},"end":{"line":78,"column":91}}},"fnMap":{"0":{"name":"(anonymous_0)","decl":{"start":{"line":18,"column":55},"end":{"line":18,"column":56}},"loc":{"start":{"line":25,"column":5},"end":{"line":66,"column":1}}},"1":{"name":"(anonymous_1)","decl":{"start":{"line":73,"column":59},"end":{"line":73,"column":60}},"loc":{"start":{"line":76,"column":5},"end":{"line":87,"column":1}}},"2":{"name":"(anonymous_2)","decl":{"start":{"line":78,"column":53},"end":{"line":78,"column":54}},"loc":{"start":{"line":78,"column":64},"end":{"line":78,"column":91}}}},"branchMap":{"0":{"loc":{"start":{"line":23,"column":2},"end":{"line":23,"column":17}},"type":"default-arg","locations":[{"start":{"line":23,"column":12},"end":{"line":23,"column":17}}]},"1":{"loc":{"start":{"line":30,"column":9},"end":{"line":30,"column":59}},"type":"binary-expr","locations":[{"start":{"line":30,"column":9},"end":{"line":30,"column":13}},{"start":{"line":30,"column":17},"end":{"line":30,"column":59}}]},"2":{"loc":{"start":{"line":33,"column":9},"end":{"line":61,"column":null}},"type":"cond-expr","locations":[{"start":{"line":34,"column":10},"end":{"line":34,"column":75}},{"start":{"line":36,"column":10},"end":{"line":60,"column":null}}]},"3":{"loc":{"start":{"line":38,"column":13},"end":{"line":39,"column":null}},"type":"binary-expr","locations":[{"start":{"line":38,"column":13},"end":{"line":38,"column":24}},{"start":{"line":39,"column":14},"end":{"line":39,"column":81}}]},"4":{"loc":{"start":{"line":41,"column":13},"end":{"line":59,"column":null}},"type":"binary-expr","locations":[{"start":{"line":41,"column":13},"end":{"line":41,"column":18}},{"start":{"line":42,"column":14},"end":{"line":58,"column":null}}]},"5":{"loc":{"start":{"line":45,"column":20},"end":{"line":49,"column":null}},"type":"cond-expr","locations":[{"start":{"line":46,"column":24},"end":{"line":46,"column":53}},{"start":{"line":47,"column":24},"end":{"line":49,"column":null}}]},"6":{"loc":{"start":{"line":47,"column":24},"end":{"line":49,"column":null}},"type":"cond-expr","locations":[{"start":{"line":48,"column":24},"end":{"line":48,"column":49}},{"start":{"line":49,"column":24},"end":{"line":49,"column":null}}]},"7":{"loc":{"start":{"line":52,"column":19},"end":{"line":56,"column":39}},"type":"cond-expr","locations":[{"start":{"line":53,"column":22},"end":{"line":53,"column":41}},{"start":{"line":54,"column":22},"end":{"line":56,"column":39}}]},"8":{"loc":{"start":{"line":54,"column":22},"end":{"line":56,"column":39}},"type":"cond-expr","locations":[{"start":{"line":55,"column":22},"end":{"line":55,"column":41}},{"start":{"line":56,"column":22},"end":{"line":56,"column":39}}]},"9":{"loc":{"start":{"line":75,"column":2},"end":{"line":75,"column":22}},"type":"default-arg","locations":[{"start":{"line":75,"column":17},"end":{"line":75,"column":22}}]}},"s":{"0":0,"1":0,"2":0,"3":0,"4":0},"f":{"0":0,"1":0,"2":0},"b":{"0":[0],"1":[0,0],"2":[0,0],"3":[0,0],"4":[0,0],"5":[0,0],"6":[0,0],"7":[0,0],"8":[0,0],"9":[0]}}
,"C:\\Users\\Mast3\\OneDrive\\Documents\\GitHub Rep\\Telegram SelfBot\\web\\src\\components\\dashboard\\SystemStatus.tsx": {"path":"C:\\Users\\Mast3\\OneDrive\\Documents\\GitHub Rep\\Telegram SelfBot\\web\\src\\components\\dashboard\\SystemStatus.tsx","statementMap":{"0":{"start":{"line":16,"column":50},"end":{"line":69,"column":1}},"1":{"start":{"line":17,"column":26},"end":{"line":19,"column":3}},"2":{"start":{"line":18,"column":4},"end":{"line":18,"column":null}},"3":{"start":{"line":21,"column":27},"end":{"line":25,"column":3}},"4":{"start":{"line":22,"column":4},"end":{"line":22,"column":null}},"5":{"start":{"line":22,"column":22},"end":{"line":22,"column":null}},"6":{"start":{"line":23,"column":4},"end":{"line":23,"column":null}},"7":{"start":{"line":23,"column":22},"end":{"line":23,"column":null}},"8":{"start":{"line":24,"column":4},"end":{"line":24,"column":null}},"9":{"start":{"line":27,"column":2},"end":{"line":68,"column":null}},"10":{"start":{"line":36,"column":14},"end":{"line":36,"column":27}},"11":{"start":{"line":45,"column":30},"end":{"line":45,"column":77}},"12":{"start":{"line":47,"column":14},"end":{"line":62,"column":null}}},"fnMap":{"0":{"name":"(anonymous_0)","decl":{"start":{"line":16,"column":50},"end":{"line":16,"column":51}},"loc":{"start":{"line":16,"column":104},"end":{"line":69,"column":1}}},"1":{"name":"(anonymous_1)","decl":{"start":{"line":17,"column":26},"end":{"line":17,"column":27}},"loc":{"start":{"line":17,"column":59},"end":{"line":19,"column":3}}},"2":{"name":"(anonymous_2)","decl":{"start":{"line":21,"column":27},"end":{"line":21,"column":28}},"loc":{"start":{"line":21,"column":47},"end":{"line":25,"column":3}}},"3":{"name":"(anonymous_3)","decl":{"start":{"line":35,"column":31},"end":{"line":35,"column":32}},"loc":{"start":{"line":36,"column":14},"end":{"line":36,"column":27}}},"4":{"name":"(anonymous_4)","decl":{"start":{"line":44,"column":27},"end":{"line":44,"column":28}},"loc":{"start":{"line":44,"column":40},"end":{"line":63,"column":13}}}},"branchMap":{"0":{"loc":{"start":{"line":16,"column":64},"end":{"line":16,"column":79}},"type":"default-arg","locations":[{"start":{"line":16,"column":74},"end":{"line":16,"column":79}}]},"1":{"loc":{"start":{"line":22,"column":4},"end":{"line":22,"column":null}},"type":"if","locations":[{"start":{"line":22,"column":4},"end":{"line":22,"column":null}}]},"2":{"loc":{"start":{"line":23,"column":4},"end":{"line":23,"column":null}},"type":"if","locations":[{"start":{"line":23,"column":4},"end":{"line":23,"column":null}}]},"3":{"loc":{"start":{"line":33,"column":9},"end":{"line":64,"column":null}},"type":"cond-expr","locations":[{"start":{"line":34,"column":10},"end":{"line":40,"column":null}},{"start":{"line":43,"column":10},"end":{"line":63,"column":null}}]}},"s":{"0":0,"1":0,"2":0,"3":0,"4":0,"5":0,"6":0,"7":0,"8":0,"9":0,"10":0,"11":0,"12":0},"f":{"0":0,"1":0,"2":0,"3":0,"4":0},"b":{"0":[0],"1":[0],"2":[0],"3":[0,0]}}
,"C:\\Users\\Mast3\\OneDrive\\Documents\\GitHub Rep\\Telegram SelfBot\\web\\src\\components\\layout\\AuthLayout.tsx": {"path":"C:\\Users\\Mast3\\OneDrive\\Documents\\GitHub Rep\\Telegram SelfBot\\web\\src\\components\\layout\\AuthLayout.tsx","statementMap":{"0":{"start":{"line":7,"column":46},"end":{"line":37,"column":1}},"1":{"start":{"line":8,"column":2},"end":{"line":36,"column":null}}},"fnMap":{"0":{"name":"(anonymous_0)","decl":{"start":{"line":7,"column":46},"end":{"line":7,"column":47}},"loc":{"start":{"line":7,"column":63},"end":{"line":37,"column":1}}}},"branchMap":{},"s":{"0":0,"1":0},"f":{"0":0},"b":{}}
,"C:\\Users\\Mast3\\OneDrive\\Documents\\GitHub Rep\\Telegram SelfBot\\web\\src\\components\\layout\\DashboardLayout.tsx": {"path":"C:\\Users\\Mast3\\OneDrive\\Documents\\GitHub Rep\\Telegram SelfBot\\web\\src\\components\\layout\\DashboardLayout.tsx","statementMap":{"0":{"start":{"line":14,"column":56},"end":{"line":164,"column":1}},"1":{"start":{"line":15,"column":19},"end":{"line":15,"column":32}},"2":{"start":{"line":16,"column":40},"end":{"line":16,"column":55}},"3":{"start":{"line":17,"column":27},"end":{"line":17,"column":41}},"4":{"start":{"line":18,"column":19},"end":{"line":18,"column":32}},"5":{"start":{"line":20,"column":23},"end":{"line":23,"column":3}},"6":{"start":{"line":21,"column":4},"end":{"line":21,"column":null}},"7":{"start":{"line":22,"column":4},"end":{"line":22,"column":null}},"8":{"start":{"line":26,"column":28},"end":{"line":31,"column":3}},"9":{"start":{"line":27,"column":21},"end":{"line":27,"column":55}},"10":{"start":{"line":28,"column":4},"end":{"line":30,"column":null}},"11":{"start":{"line":33,"column":19},"end":{"line":40,"column":null}},"12":{"start":{"line":42,"column":24},"end":{"line":42,"column":58}},"13":{"start":{"line":42,"column":30},"end":{"line":42,"column":58}},"14":{"start":{"line":44,"column":2},"end":{"line":163,"column":null}},"15":{"start":{"line":67,"column":16},"end":{"line":68,"column":null}},"16":{"start":{"line":105,"column":20},"end":{"line":105,"column":null}}},"fnMap":{"0":{"name":"(anonymous_0)","decl":{"start":{"line":14,"column":56},"end":{"line":14,"column":57}},"loc":{"start":{"line":14,"column":73},"end":{"line":164,"column":1}}},"1":{"name":"(anonymous_1)","decl":{"start":{"line":20,"column":23},"end":{"line":20,"column":26}},"loc":{"start":{"line":20,"column":28},"end":{"line":23,"column":3}}},"2":{"name":"(anonymous_2)","decl":{"start":{"line":26,"column":28},"end":{"line":26,"column":29}},"loc":{"start":{"line":26,"column":45},"end":{"line":31,"column":3}}},"3":{"name":"(anonymous_3)","decl":{"start":{"line":42,"column":24},"end":{"line":42,"column":27}},"loc":{"start":{"line":42,"column":30},"end":{"line":42,"column":58}}},"4":{"name":"(anonymous_4)","decl":{"start":{"line":66,"column":28},"end":{"line":66,"column":32}},"loc":{"start":{"line":67,"column":16},"end":{"line":68,"column":null}}},"5":{"name":"(anonymous_5)","decl":{"start":{"line":104,"column":32},"end":{"line":104,"column":36}},"loc":{"start":{"line":105,"column":20},"end":{"line":105,"column":null}}}},"branchMap":{"0":{"loc":{"start":{"line":28,"column":65},"end":{"line":30,"column":69}},"type":"cond-expr","locations":[{"start":{"line":29,"column":8},"end":{"line":29,"column":36}},{"start":{"line":30,"column":8},"end":{"line":30,"column":69}}]},"1":{"loc":{"start":{"line":47,"column":59},"end":{"line":47,"column":91}},"type":"cond-expr","locations":[{"start":{"line":47,"column":73},"end":{"line":47,"column":80}},{"start":{"line":47,"column":83},"end":{"line":47,"column":91}}]},"2":{"loc":{"start":{"line":147,"column":28},"end":{"line":147,"column":53}},"type":"binary-expr","locations":[{"start":{"line":147,"column":28},"end":{"line":147,"column":42}},{"start":{"line":147,"column":46},"end":{"line":147,"column":53}}]},"3":{"loc":{"start":{"line":150,"column":17},"end":{"line":150,"column":58}},"type":"cond-expr","locations":[{"start":{"line":150,"column":42},"end":{"line":150,"column":48}},{"start":{"line":150,"column":51},"end":{"line":150,"column":58}}]}},"s":{"0":0,"1":0,"2":0,"3":0,"4":0,"5":0,"6":0,"7":0,"8":0,"9":0,"10":0,"11":0,"12":0,"13":0,"14":0,"15":0,"16":0},"f":{"0":0,"1":0,"2":0,"3":0,"4":0,"5":0},"b":{"0":[0,0],"1":[0,0],"2":[0,0],"3":[0,0]}}
,"C:\\Users\\Mast3\\OneDrive\\Documents\\GitHub Rep\\Telegram SelfBot\\web\\src\\components\\plugins\\PluginManager.tsx": {"path":"C:\\Users\\Mast3\\OneDrive\\Documents\\GitHub Rep\\Telegram SelfBot\\web\\src\\components\\plugins\\PluginManager.tsx","statementMap":{"0":{"start":{"line":27,"column":59},"end":{"line":208,"column":1}},"1":{"start":{"line":35,"column":42},"end":{"line":35,"column":54}},"2":{"start":{"line":36,"column":46},"end":{"line":36,"column":61}},"3":{"start":{"line":37,"column":36},"end":{"line":37,"column":65}},"4":{"start":{"line":38,"column":46},"end":{"line":38,"column":79}},"5":{"start":{"line":41,"column":24},"end":{"line":53,"column":3}},"6":{"start":{"line":42,"column":4},"end":{"line":42,"column":36}},"7":{"start":{"line":42,"column":30},"end":{"line":42,"column":36}},"8":{"start":{"line":44,"column":4},"end":{"line":52,"column":5}},"9":{"start":{"line":45,"column":6},"end":{"line":45,"column":null}},"10":{"start":{"line":46,"column":6},"end":{"line":46,"column":null}},"11":{"start":{"line":47,"column":6},"end":{"line":47,"column":null}},"12":{"start":{"line":49,"column":6},"end":{"line":49,"column":null}},"13":{"start":{"line":51,"column":6},"end":{"line":51,"column":null}},"14":{"start":{"line":56,"column":23},"end":{"line":62,"column":3}},"15":{"start":{"line":57,"column":4},"end":{"line":61,"column":5}},"16":{"start":{"line":58,"column":6},"end":{"line":58,"column":null}},"17":{"start":{"line":60,"column":6},"end":{"line":60,"column":null}},"18":{"start":{"line":65,"column":26},"end":{"line":73,"column":3}},"19":{"start":{"line":66,"column":4},"end":{"line":72,"column":5}},"20":{"start":{"line":67,"column":6},"end":{"line":71,"column":7}},"21":{"start":{"line":68,"column":8},"end":{"line":68,"column":null}},"22":{"start":{"line":70,"column":8},"end":{"line":70,"column":null}},"23":{"start":{"line":76,"column":29},"end":{"line":79,"column":3}},"24":{"start":{"line":77,"column":4},"end":{"line":77,"column":null}},"25":{"start":{"line":78,"column":4},"end":{"line":78,"column":null}},"26":{"start":{"line":82,"column":29},"end":{"line":89,"column":3}},"27":{"start":{"line":83,"column":4},"end":{"line":88,"column":5}},"28":{"start":{"line":84,"column":6},"end":{"line":84,"column":null}},"29":{"start":{"line":85,"column":6},"end":{"line":85,"column":null}},"30":{"start":{"line":87,"column":6},"end":{"line":87,"column":null}},"31":{"start":{"line":91,"column":2},"end":{"line":207,"column":null}},"32":{"start":{"line":104,"column":33},"end":{"line":104,"column":64}},"33":{"start":{"line":118,"column":12},"end":{"line":118,"column":26}},"34":{"start":{"line":128,"column":12},"end":{"line":128,"column":34}},"35":{"start":{"line":134,"column":50},"end":{"line":134,"column":82}},"36":{"start":{"line":148,"column":35},"end":{"line":148,"column":61}},"37":{"start":{"line":156,"column":35},"end":{"line":156,"column":61}},"38":{"start":{"line":173,"column":43},"end":{"line":173,"column":61}},"39":{"start":{"line":177,"column":33},"end":{"line":177,"column":51}},"40":{"start":{"line":178,"column":49},"end":{"line":178,"column":67}},"41":{"start":{"line":179,"column":18},"end":{"line":179,"column":33}},"42":{"start":{"line":185,"column":24},"end":{"line":188,"column":26}},"43":{"start":{"line":195,"column":57},"end":{"line":195,"column":75}},"44":{"start":{"line":198,"column":39},"end":{"line":198,"column":68}}},"fnMap":{"0":{"name":"(anonymous_0)","decl":{"start":{"line":27,"column":59},"end":{"line":27,"column":60}},"loc":{"start":{"line":34,"column":25},"end":{"line":208,"column":1}}},"1":{"name":"(anonymous_1)","decl":{"start":{"line":41,"column":24},"end":{"line":41,"column":29}},"loc":{"start":{"line":41,"column":35},"end":{"line":53,"column":3}}},"2":{"name":"(anonymous_2)","decl":{"start":{"line":56,"column":23},"end":{"line":56,"column":28}},"loc":{"start":{"line":56,"column":63},"end":{"line":62,"column":3}}},"3":{"name":"(anonymous_3)","decl":{"start":{"line":65,"column":26},"end":{"line":65,"column":31}},"loc":{"start":{"line":65,"column":47},"end":{"line":73,"column":3}}},"4":{"name":"(anonymous_4)","decl":{"start":{"line":76,"column":29},"end":{"line":76,"column":30}},"loc":{"start":{"line":76,"column":48},"end":{"line":79,"column":3}}},"5":{"name":"(anonymous_5)","decl":{"start":{"line":82,"column":29},"end":{"line":82,"column":34}},"loc":{"start":{"line":82,"column":50},"end":{"line":89,"column":3}}},"6":{"name":"(anonymous_6)","decl":{"start":{"line":104,"column":26},"end":{"line":104,"column":27}},"loc":{"start":{"line":104,"column":33},"end":{"line":104,"column":64}}},"7":{"name":"(anonymous_7)","decl":{"start":{"line":117,"column":40},"end":{"line":117,"column":41}},"loc":{"start":{"line":118,"column":12},"end":{"line":118,"column":26}}},"8":{"name":"(anonymous_8)","decl":{"start":{"line":127,"column":22},"end":{"line":127,"column":23}},"loc":{"start":{"line":128,"column":12},"end":{"line":128,"column":34}}},"9":{"name":"(anonymous_9)","decl":{"start":{"line":134,"column":37},"end":{"line":134,"column":38}},"loc":{"start":{"line":134,"column":50},"end":{"line":134,"column":82}}},"10":{"name":"(anonymous_10)","decl":{"start":{"line":148,"column":29},"end":{"line":148,"column":32}},"loc":{"start":{"line":148,"column":35},"end":{"line":148,"column":61}}},"11":{"name":"(anonymous_11)","decl":{"start":{"line":156,"column":29},"end":{"line":156,"column":32}},"loc":{"start":{"line":156,"column":35},"end":{"line":156,"column":61}}},"12":{"name":"(anonymous_12)","decl":{"start":{"line":173,"column":38},"end":{"line":173,"column":39}},"loc":{"start":{"line":173,"column":43},"end":{"line":173,"column":61}}},"13":{"name":"(anonymous_13)","decl":{"start":{"line":177,"column":28},"end":{"line":177,"column":29}},"loc":{"start":{"line":177,"column":33},"end":{"line":177,"column":51}}},"14":{"name":"(anonymous_14)","decl":{"start":{"line":178,"column":44},"end":{"line":178,"column":45}},"loc":{"start":{"line":178,"column":49},"end":{"line":178,"column":67}}},"15":{"name":"(anonymous_15)","decl":{"start":{"line":178,"column":90},"end":{"line":178,"column":91}},"loc":{"start":{"line":179,"column":18},"end":{"line":179,"column":33}}},"16":{"name":"(anonymous_16)","decl":{"start":{"line":184,"column":32},"end":{"line":184,"column":33}},"loc":{"start":{"line":185,"column":24},"end":{"line":188,"column":26}}},"17":{"name":"(anonymous_17)","decl":{"start":{"line":195,"column":51},"end":{"line":195,"column":54}},"loc":{"start":{"line":195,"column":57},"end":{"line":195,"column":75}}},"18":{"name":"(anonymous_18)","decl":{"start":{"line":198,"column":33},"end":{"line":198,"column":36}},"loc":{"start":{"line":198,"column":39},"end":{"line":198,"column":68}}}},"branchMap":{"0":{"loc":{"start":{"line":33,"column":2},"end":{"line":33,"column":17}},"type":"default-arg","locations":[{"start":{"line":33,"column":12},"end":{"line":33,"column":17}}]},"1":{"loc":{"start":{"line":42,"column":4},"end":{"line":42,"column":36}},"type":"if","locations":[{"start":{"line":42,"column":4},"end":{"line":42,"column":36}}]},"2":{"loc":{"start":{"line":66,"column":4},"end":{"line":72,"column":5}},"type":"if","locations":[{"start":{"line":66,"column":4},"end":{"line":72,"column":5}}]},"3":{"loc":{"start":{"line":78,"column":22},"end":{"line":78,"column":43}},"type":"binary-expr","locations":[{"start":{"line":78,"column":22},"end":{"line":78,"column":37}},{"start":{"line":78,"column":41},"end":{"line":78,"column":43}}]},"4":{"loc":{"start":{"line":107,"column":54},"end":{"line":107,"column":92}},"type":"binary-expr","locations":[{"start":{"line":107,"column":54},"end":{"line":107,"column":68}},{"start":{"line":107,"column":72},"end":{"line":107,"column":92}}]},"5":{"loc":{"start":{"line":108,"column":15},"end":{"line":108,"column":55}},"type":"cond-expr","locations":[{"start":{"line":108,"column":32},"end":{"line":108,"column":47}},{"start":{"line":108,"column":50},"end":{"line":108,"column":55}}]},"6":{"loc":{"start":{"line":116,"column":9},"end":{"line":163,"column":null}},"type":"cond-expr","locations":[{"start":{"line":117,"column":10},"end":{"line":119,"column":12}},{"start":{"line":120,"column":12},"end":{"line":163,"column":null}}]},"7":{"loc":{"start":{"line":120,"column":12},"end":{"line":163,"column":null}},"type":"cond-expr","locations":[{"start":{"line":121,"column":10},"end":{"line":124,"column":null}},{"start":{"line":127,"column":10},"end":{"line":163,"column":12}}]},"8":{"loc":{"start":{"line":128,"column":45},"end":{"line":128,"column":92}},"type":"cond-expr","locations":[{"start":{"line":128,"column":71},"end":{"line":128,"column":87}},{"start":{"line":128,"column":90},"end":{"line":128,"column":92}}]},"9":{"loc":{"start":{"line":168,"column":7},"end":{"line":204,"column":null}},"type":"binary-expr","locations":[{"start":{"line":168,"column":7},"end":{"line":168,"column":16}},{"start":{"line":169,"column":8},"end":{"line":203,"column":null}}]},"10":{"loc":{"start":{"line":177,"column":15},"end":{"line":192,"column":18}},"type":"binary-expr","locations":[{"start":{"line":177,"column":15},"end":{"line":177,"column":62}},{"start":{"line":178,"column":16},"end":{"line":192,"column":18}}]},"11":{"loc":{"start":{"line":178,"column":31},"end":{"line":178,"column":84}},"type":"binary-expr","locations":[{"start":{"line":178,"column":31},"end":{"line":178,"column":78}},{"start":{"line":178,"column":82},"end":{"line":178,"column":84}}]},"12":{"loc":{"start":{"line":183,"column":29},"end":{"line":183,"column":54}},"type":"binary-expr","locations":[{"start":{"line":183,"column":29},"end":{"line":183,"column":48}},{"start":{"line":183,"column":52},"end":{"line":183,"column":54}}]}},"s":{"0":0,"1":0,"2":0,"3":0,"4":0,"5":0,"6":0,"7":0,"8":0,"9":0,"10":0,"11":0,"12":0,"13":0,"14":0,"15":0,"16":0,"17":0,"18":0,"19":0,"20":0,"21":0,"22":0,"23":0,"24":0,"25":0,"26":0,"27":0,"28":0,"29":0,"30":0,"31":0,"32":0,"33":0,"34":0,"35":0,"36":0,"37":0,"38":0,"39":0,"40":0,"41":0,"42":0,"43":0,"44":0},"f":{"0":0,"1":0,"2":0,"3":0,"4":0,"5":0,"6":0,"7":0,"8":0,"9":0,"10":0,"11":0,"12":0,"13":0,"14":0,"15":0,"16":0,"17":0,"18":0},"b":{"0":[0],"1":[0],"2":[0],"3":[0,0],"4":[0,0],"5":[0,0],"6":[0,0],"7":[0,0],"8":[0,0],"9":[0,0],"10":[0,0],"11":[0,0],"12":[0,0]}}
,"C:\\Users\\Mast3\\OneDrive\\Documents\\GitHub Rep\\Telegram SelfBot\\web\\src\\components\\shared\\LoadingPage.tsx": {"path":"C:\\Users\\Mast3\\OneDrive\\Documents\\GitHub Rep\\Telegram SelfBot\\web\\src\\components\\shared\\LoadingPage.tsx","statementMap":{"0":{"start":{"line":3,"column":30},"end":{"line":12,"column":1}},"1":{"start":{"line":4,"column":2},"end":{"line":11,"column":null}}},"fnMap":{"0":{"name":"(anonymous_0)","decl":{"start":{"line":3,"column":30},"end":{"line":3,"column":33}},"loc":{"start":{"line":3,"column":35},"end":{"line":12,"column":1}}}},"branchMap":{},"s":{"0":0,"1":0},"f":{"0":0},"b":{}}
,"C:\\Users\\Mast3\\OneDrive\\Documents\\GitHub Rep\\Telegram SelfBot\\web\\src\\components\\ui\\badge.tsx": {"path":"C:\\Users\\Mast3\\OneDrive\\Documents\\GitHub Rep\\Telegram SelfBot\\web\\src\\components\\ui\\badge.tsx","statementMap":{"0":{"start":{"line":6,"column":22},"end":{"line":28,"column":null}},"1":{"start":{"line":36,"column":2},"end":{"line":38,"column":null}}},"fnMap":{"0":{"name":"Badge","decl":{"start":{"line":35,"column":9},"end":{"line":35,"column":14}},"loc":{"start":{"line":35,"column":59},"end":{"line":39,"column":1}}}},"branchMap":{},"s":{"0":0,"1":0},"f":{"0":0},"b":{}}
,"C:\\Users\\Mast3\\OneDrive\\Documents\\GitHub Rep\\Telegram SelfBot\\web\\src\\components\\ui\\button.tsx": {"path":"C:\\Users\\Mast3\\OneDrive\\Documents\\GitHub Rep\\Telegram SelfBot\\web\\src\\components\\ui\\button.tsx","statementMap":{"0":{"start":{"line":7,"column":23},"end":{"line":34,"column":null}},"1":{"start":{"line":43,"column":15},"end":{"line":53,"column":null}},"2":{"start":{"line":45,"column":17},"end":{"line":45,"column":42}},"3":{"start":{"line":46,"column":4},"end":{"line":52,"column":null}},"4":{"start":{"line":55,"column":0},"end":{"line":55,"column":null}}},"fnMap":{"0":{"name":"(anonymous_0)","decl":{"start":{"line":44,"column":2},"end":{"line":44,"column":3}},"loc":{"start":{"line":44,"column":67},"end":{"line":53,"column":3}}}},"branchMap":{"0":{"loc":{"start":{"line":44,"column":31},"end":{"line":44,"column":46}},"type":"default-arg","locations":[{"start":{"line":44,"column":41},"end":{"line":44,"column":46}}]},"1":{"loc":{"start":{"line":45,"column":17},"end":{"line":45,"column":42}},"type":"cond-expr","locations":[{"start":{"line":45,"column":27},"end":{"line":45,"column":31}},{"start":{"line":45,"column":34},"end":{"line":45,"column":42}}]}},"s":{"0":0,"1":0,"2":0,"3":0,"4":0},"f":{"0":0},"b":{"0":[0],"1":[0,0]}}
,"C:\\Users\\Mast3\\OneDrive\\Documents\\GitHub Rep\\Telegram SelfBot\\web\\src\\components\\ui\\card.tsx": {"path":"C:\\Users\\Mast3\\OneDrive\\Documents\\GitHub Rep\\Telegram SelfBot\\web\\src\\components\\ui\\card.tsx","statementMap":{"0":{"start":{"line":4,"column":13},"end":{"line":16,"column":2}},"1":{"start":{"line":8,"column":2},"end":{"line":14,"column":null}},"2":{"start":{"line":17,"column":0},"end":{"line":17,"column":null}},"3":{"start":{"line":19,"column":19},"end":{"line":28,"column":2}},"4":{"start":{"line":23,"column":2},"end":{"line":26,"column":null}},"5":{"start":{"line":29,"column":0},"end":{"line":29,"column":null}},"6":{"start":{"line":31,"column":18},"end":{"line":43,"column":2}},"7":{"start":{"line":35,"column":2},"end":{"line":41,"column":null}},"8":{"start":{"line":44,"column":0},"end":{"line":44,"column":null}},"9":{"start":{"line":46,"column":24},"end":{"line":55,"column":2}},"10":{"start":{"line":50,"column":2},"end":{"line":53,"column":null}},"11":{"start":{"line":56,"column":0},"end":{"line":56,"column":null}},"12":{"start":{"line":58,"column":20},"end":{"line":63,"column":2}},"13":{"start":{"line":62,"column":2},"end":{"line":62,"column":68}},"14":{"start":{"line":64,"column":0},"end":{"line":64,"column":null}},"15":{"start":{"line":66,"column":19},"end":{"line":75,"column":2}},"16":{"start":{"line":70,"column":2},"end":{"line":73,"column":null}},"17":{"start":{"line":76,"column":0},"end":{"line":76,"column":null}}},"fnMap":{"0":{"name":"(anonymous_0)","decl":{"start":{"line":7,"column":2},"end":{"line":7,"column":3}},"loc":{"start":{"line":8,"column":2},"end":{"line":14,"column":null}}},"1":{"name":"(anonymous_1)","decl":{"start":{"line":22,"column":2},"end":{"line":22,"column":3}},"loc":{"start":{"line":23,"column":2},"end":{"line":26,"column":null}}},"2":{"name":"(anonymous_2)","decl":{"start":{"line":34,"column":2},"end":{"line":34,"column":3}},"loc":{"start":{"line":35,"column":2},"end":{"line":41,"column":null}}},"3":{"name":"(anonymous_3)","decl":{"start":{"line":49,"column":2},"end":{"line":49,"column":3}},"loc":{"start":{"line":50,"column":2},"end":{"line":53,"column":null}}},"4":{"name":"(anonymous_4)","decl":{"start":{"line":61,"column":2},"end":{"line":61,"column":3}},"loc":{"start":{"line":62,"column":2},"end":{"line":62,"column":68}}},"5":{"name":"(anonymous_5)","decl":{"start":{"line":69,"column":2},"end":{"line":69,"column":3}},"loc":{"start":{"line":70,"column":2},"end":{"line":73,"column":null}}}},"branchMap":{},"s":{"0":0,"1":0,"2":0,"3":0,"4":0,"5":0,"6":0,"7":0,"8":0,"9":0,"10":0,"11":0,"12":0,"13":0,"14":0,"15":0,"16":0,"17":0},"f":{"0":0,"1":0,"2":0,"3":0,"4":0,"5":0},"b":{}}
,"C:\\Users\\Mast3\\OneDrive\\Documents\\GitHub Rep\\Telegram SelfBot\\web\\src\\components\\ui\\dialog.tsx": {"path":"C:\\Users\\Mast3\\OneDrive\\Documents\\GitHub Rep\\Telegram SelfBot\\web\\src\\components\\ui\\dialog.tsx","statementMap":{"0":{"start":{"line":7,"column":15},"end":{"line":7,"column":35}},"1":{"start":{"line":9,"column":22},"end":{"line":9,"column":45}},"2":{"start":{"line":11,"column":21},"end":{"line":11,"column":43}},"3":{"start":{"line":13,"column":20},"end":{"line":13,"column":41}},"4":{"start":{"line":15,"column":22},"end":{"line":27,"column":2}},"5":{"start":{"line":19,"column":2},"end":{"line":25,"column":null}},"6":{"start":{"line":28,"column":0},"end":{"line":28,"column":null}},"7":{"start":{"line":30,"column":22},"end":{"line":51,"column":2}},"8":{"start":{"line":34,"column":2},"end":{"line":49,"column":null}},"9":{"start":{"line":52,"column":0},"end":{"line":52,"column":null}},"10":{"start":{"line":54,"column":21},"end":{"line":64,"column":null}},"11":{"start":{"line":58,"column":2},"end":{"line":63,"column":null}},"12":{"start":{"line":66,"column":0},"end":{"line":66,"column":null}},"13":{"start":{"line":68,"column":21},"end":{"line":78,"column":null}},"14":{"start":{"line":72,"column":2},"end":{"line":77,"column":null}},"15":{"start":{"line":80,"column":0},"end":{"line":80,"column":null}},"16":{"start":{"line":82,"column":20},"end":{"line":94,"column":2}},"17":{"start":{"line":86,"column":2},"end":{"line":92,"column":null}},"18":{"start":{"line":95,"column":0},"end":{"line":95,"column":null}},"19":{"start":{"line":97,"column":26},"end":{"line":106,"column":2}},"20":{"start":{"line":101,"column":2},"end":{"line":104,"column":null}},"21":{"start":{"line":107,"column":0},"end":{"line":107,"column":null}}},"fnMap":{"0":{"name":"(anonymous_0)","decl":{"start":{"line":18,"column":2},"end":{"line":18,"column":3}},"loc":{"start":{"line":19,"column":2},"end":{"line":25,"column":null}}},"1":{"name":"(anonymous_1)","decl":{"start":{"line":33,"column":2},"end":{"line":33,"column":3}},"loc":{"start":{"line":34,"column":2},"end":{"line":49,"column":null}}},"2":{"name":"(anonymous_2)","decl":{"start":{"line":54,"column":21},"end":{"line":54,"column":22}},"loc":{"start":{"line":58,"column":2},"end":{"line":63,"column":null}}},"3":{"name":"(anonymous_3)","decl":{"start":{"line":68,"column":21},"end":{"line":68,"column":22}},"loc":{"start":{"line":72,"column":2},"end":{"line":77,"column":null}}},"4":{"name":"(anonymous_4)","decl":{"start":{"line":85,"column":2},"end":{"line":85,"column":3}},"loc":{"start":{"line":86,"column":2},"end":{"line":92,"column":null}}},"5":{"name":"(anonymous_5)","decl":{"start":{"line":100,"column":2},"end":{"line":100,"column":3}},"loc":{"start":{"line":101,"column":2},"end":{"line":104,"column":null}}}},"branchMap":{},"s":{"0":0,"1":0,"2":0,"3":0,"4":0,"5":0,"6":0,"7":0,"8":0,"9":0,"10":0,"11":0,"12":0,"13":0,"14":0,"15":0,"16":0,"17":0,"18":0,"19":0,"20":0,"21":0},"f":{"0":0,"1":0,"2":0,"3":0,"4":0,"5":0},"b":{}}
,"C:\\Users\\Mast3\\OneDrive\\Documents\\GitHub Rep\\Telegram SelfBot\\web\\src\\components\\ui\\input.tsx": {"path":"C:\\Users\\Mast3\\OneDrive\\Documents\\GitHub Rep\\Telegram SelfBot\\web\\src\\components\\ui\\input.tsx","statementMap":{"0":{"start":{"line":8,"column":14},"end":{"line":21,"column":null}},"1":{"start":{"line":10,"column":4},"end":{"line":20,"column":null}},"2":{"start":{"line":23,"column":0},"end":{"line":23,"column":null}}},"fnMap":{"0":{"name":"(anonymous_0)","decl":{"start":{"line":9,"column":2},"end":{"line":9,"column":3}},"loc":{"start":{"line":9,"column":41},"end":{"line":21,"column":3}}}},"branchMap":{},"s":{"0":0,"1":0,"2":0},"f":{"0":0},"b":{}}
,"C:\\Users\\Mast3\\OneDrive\\Documents\\GitHub Rep\\Telegram SelfBot\\web\\src\\components\\ui\\label.tsx": {"path":"C:\\Users\\Mast3\\OneDrive\\Documents\\GitHub Rep\\Telegram SelfBot\\web\\src\\components\\ui\\label.tsx","statementMap":{"0":{"start":{"line":6,"column":14},"end":{"line":18,"column":2}},"1":{"start":{"line":10,"column":2},"end":{"line":16,"column":null}},"2":{"start":{"line":19,"column":0},"end":{"line":19,"column":null}}},"fnMap":{"0":{"name":"(anonymous_0)","decl":{"start":{"line":9,"column":2},"end":{"line":9,"column":3}},"loc":{"start":{"line":10,"column":2},"end":{"line":16,"column":null}}}},"branchMap":{},"s":{"0":0,"1":0,"2":0},"f":{"0":0},"b":{}}
,"C:\\Users\\Mast3\\OneDrive\\Documents\\GitHub Rep\\Telegram SelfBot\\web\\src\\components\\ui\\progress.tsx": {"path":"C:\\Users\\Mast3\\OneDrive\\Documents\\GitHub Rep\\Telegram SelfBot\\web\\src\\components\\ui\\progress.tsx","statementMap":{"0":{"start":{"line":10,"column":17},"end":{"line":29,"column":null}},"1":{"start":{"line":12,"column":23},"end":{"line":12,"column":68}},"2":{"start":{"line":14,"column":4},"end":{"line":28,"column":null}},"3":{"start":{"line":32,"column":0},"end":{"line":32,"column":null}}},"fnMap":{"0":{"name":"(anonymous_0)","decl":{"start":{"line":11,"column":2},"end":{"line":11,"column":3}},"loc":{"start":{"line":11,"column":77},"end":{"line":29,"column":3}}}},"branchMap":{"0":{"loc":{"start":{"line":11,"column":16},"end":{"line":11,"column":25}},"type":"default-arg","locations":[{"start":{"line":11,"column":24},"end":{"line":11,"column":25}}]},"1":{"loc":{"start":{"line":11,"column":27},"end":{"line":11,"column":36}},"type":"default-arg","locations":[{"start":{"line":11,"column":33},"end":{"line":11,"column":36}}]}},"s":{"0":0,"1":0,"2":0,"3":0},"f":{"0":0},"b":{"0":[0],"1":[0]}}
,"C:\\Users\\Mast3\\OneDrive\\Documents\\GitHub Rep\\Telegram SelfBot\\web\\src\\components\\ui\\select.tsx": {"path":"C:\\Users\\Mast3\\OneDrive\\Documents\\GitHub Rep\\Telegram SelfBot\\web\\src\\components\\ui\\select.tsx","statementMap":{"0":{"start":{"line":7,"column":15},"end":{"line":7,"column":35}},"1":{"start":{"line":9,"column":20},"end":{"line":9,"column":41}},"2":{"start":{"line":11,"column":20},"end":{"line":11,"column":41}},"3":{"start":{"line":13,"column":22},"end":{"line":30,"column":2}},"4":{"start":{"line":17,"column":2},"end":{"line":28,"column":null}},"5":{"start":{"line":31,"column":0},"end":{"line":31,"column":null}},"6":{"start":{"line":33,"column":29},"end":{"line":47,"column":2}},"7":{"start":{"line":37,"column":2},"end":{"line":45,"column":null}},"8":{"start":{"line":48,"column":0},"end":{"line":48,"column":null}},"9":{"start":{"line":50,"column":31},"end":{"line":64,"column":2}},"10":{"start":{"line":54,"column":2},"end":{"line":62,"column":null}},"11":{"start":{"line":65,"column":0},"end":{"line":66,"column":null}},"12":{"start":{"line":68,"column":22},"end":{"line":97,"column":2}},"13":{"start":{"line":72,"column":2},"end":{"line":95,"column":null}},"14":{"start":{"line":98,"column":0},"end":{"line":98,"column":null}},"15":{"start":{"line":100,"column":20},"end":{"line":109,"column":2}},"16":{"start":{"line":104,"column":2},"end":{"line":107,"column":null}},"17":{"start":{"line":110,"column":0},"end":{"line":110,"column":null}},"18":{"start":{"line":112,"column":19},"end":{"line":132,"column":2}},"19":{"start":{"line":116,"column":2},"end":{"line":130,"column":null}},"20":{"start":{"line":133,"column":0},"end":{"line":133,"column":null}},"21":{"start":{"line":135,"column":24},"end":{"line":144,"column":2}},"22":{"start":{"line":139,"column":2},"end":{"line":142,"column":null}},"23":{"start":{"line":145,"column":0},"end":{"line":145,"column":null}}},"fnMap":{"0":{"name":"(anonymous_0)","decl":{"start":{"line":16,"column":2},"end":{"line":16,"column":3}},"loc":{"start":{"line":17,"column":2},"end":{"line":28,"column":null}}},"1":{"name":"(anonymous_1)","decl":{"start":{"line":36,"column":2},"end":{"line":36,"column":3}},"loc":{"start":{"line":37,"column":2},"end":{"line":45,"column":null}}},"2":{"name":"(anonymous_2)","decl":{"start":{"line":53,"column":2},"end":{"line":53,"column":3}},"loc":{"start":{"line":54,"column":2},"end":{"line":62,"column":null}}},"3":{"name":"(anonymous_3)","decl":{"start":{"line":71,"column":2},"end":{"line":71,"column":3}},"loc":{"start":{"line":72,"column":2},"end":{"line":95,"column":null}}},"4":{"name":"(anonymous_4)","decl":{"start":{"line":103,"column":2},"end":{"line":103,"column":3}},"loc":{"start":{"line":104,"column":2},"end":{"line":107,"column":null}}},"5":{"name":"(anonymous_5)","decl":{"start":{"line":115,"column":2},"end":{"line":115,"column":3}},"loc":{"start":{"line":116,"column":2},"end":{"line":130,"column":null}}},"6":{"name":"(anonymous_6)","decl":{"start":{"line":138,"column":2},"end":{"line":138,"column":3}},"loc":{"start":{"line":139,"column":2},"end":{"line":142,"column":null}}}},"branchMap":{"0":{"loc":{"start":{"line":71,"column":26},"end":{"line":71,"column":45}},"type":"default-arg","locations":[{"start":{"line":71,"column":37},"end":{"line":71,"column":45}}]},"1":{"loc":{"start":{"line":77,"column":8},"end":{"line":78,"column":139}},"type":"binary-expr","locations":[{"start":{"line":77,"column":8},"end":{"line":77,"column":29}},{"start":{"line":78,"column":10},"end":{"line":78,"column":139}}]},"2":{"loc":{"start":{"line":88,"column":10},"end":{"line":89,"column":101}},"type":"binary-expr","locations":[{"start":{"line":88,"column":10},"end":{"line":88,"column":31}},{"start":{"line":89,"column":12},"end":{"line":89,"column":101}}]}},"s":{"0":0,"1":0,"2":0,"3":0,"4":0,"5":0,"6":0,"7":0,"8":0,"9":0,"10":0,"11":0,"12":0,"13":0,"14":0,"15":0,"16":0,"17":0,"18":0,"19":0,"20":0,"21":0,"22":0,"23":0},"f":{"0":0,"1":0,"2":0,"3":0,"4":0,"5":0,"6":0},"b":{"0":[0],"1":[0,0],"2":[0,0]}}
,"C:\\Users\\Mast3\\OneDrive\\Documents\\GitHub Rep\\Telegram SelfBot\\web\\src\\components\\ui\\switch.tsx": {"path":"C:\\Users\\Mast3\\OneDrive\\Documents\\GitHub Rep\\Telegram SelfBot\\web\\src\\components\\ui\\switch.tsx","statementMap":{"0":{"start":{"line":6,"column":15},"end":{"line":24,"column":2}},"1":{"start":{"line":10,"column":2},"end":{"line":22,"column":null}},"2":{"start":{"line":25,"column":0},"end":{"line":25,"column":null}}},"fnMap":{"0":{"name":"(anonymous_0)","decl":{"start":{"line":9,"column":2},"end":{"line":9,"column":3}},"loc":{"start":{"line":10,"column":2},"end":{"line":22,"column":null}}}},"branchMap":{},"s":{"0":0,"1":0,"2":0},"f":{"0":0},"b":{}}
,"C:\\Users\\Mast3\\OneDrive\\Documents\\GitHub Rep\\Telegram SelfBot\\web\\src\\components\\ui\\tabs.tsx": {"path":"C:\\Users\\Mast3\\OneDrive\\Documents\\GitHub Rep\\Telegram SelfBot\\web\\src\\components\\ui\\tabs.tsx","statementMap":{"0":{"start":{"line":6,"column":13},"end":{"line":6,"column":31}},"1":{"start":{"line":8,"column":17},"end":{"line":20,"column":2}},"2":{"start":{"line":12,"column":2},"end":{"line":18,"column":null}},"3":{"start":{"line":21,"column":0},"end":{"line":21,"column":null}},"4":{"start":{"line":23,"column":20},"end":{"line":35,"column":2}},"5":{"start":{"line":27,"column":2},"end":{"line":33,"column":null}},"6":{"start":{"line":36,"column":0},"end":{"line":36,"column":null}},"7":{"start":{"line":38,"column":20},"end":{"line":50,"column":2}},"8":{"start":{"line":42,"column":2},"end":{"line":48,"column":null}},"9":{"start":{"line":51,"column":0},"end":{"line":51,"column":null}}},"fnMap":{"0":{"name":"(anonymous_0)","decl":{"start":{"line":11,"column":2},"end":{"line":11,"column":3}},"loc":{"start":{"line":12,"column":2},"end":{"line":18,"column":null}}},"1":{"name":"(anonymous_1)","decl":{"start":{"line":26,"column":2},"end":{"line":26,"column":3}},"loc":{"start":{"line":27,"column":2},"end":{"line":33,"column":null}}},"2":{"name":"(anonymous_2)","decl":{"start":{"line":41,"column":2},"end":{"line":41,"column":3}},"loc":{"start":{"line":42,"column":2},"end":{"line":48,"column":null}}}},"branchMap":{},"s":{"0":0,"1":0,"2":0,"3":0,"4":0,"5":0,"6":0,"7":0,"8":0,"9":0},"f":{"0":0,"1":0,"2":0},"b":{}}
,"C:\\Users\\Mast3\\OneDrive\\Documents\\GitHub Rep\\Telegram SelfBot\\web\\src\\components\\ui\\toast.tsx": {"path":"C:\\Users\\Mast3\\OneDrive\\Documents\\GitHub Rep\\Telegram SelfBot\\web\\src\\components\\ui\\toast.tsx","statementMap":{"0":{"start":{"line":8,"column":22},"end":{"line":8,"column":46}},"1":{"start":{"line":10,"column":22},"end":{"line":22,"column":2}},"2":{"start":{"line":14,"column":2},"end":{"line":20,"column":null}},"3":{"start":{"line":23,"column":0},"end":{"line":23,"column":null}},"4":{"start":{"line":25,"column":22},"end":{"line":41,"column":null}},"5":{"start":{"line":44,"column":14},"end":{"line":56,"column":2}},"6":{"start":{"line":49,"column":2},"end":{"line":55,"column":null}},"7":{"start":{"line":57,"column":0},"end":{"line":57,"column":null}},"8":{"start":{"line":59,"column":20},"end":{"line":71,"column":2}},"9":{"start":{"line":63,"column":2},"end":{"line":69,"column":null}},"10":{"start":{"line":72,"column":0},"end":{"line":72,"column":null}},"11":{"start":{"line":74,"column":19},"end":{"line":89,"column":2}},"12":{"start":{"line":78,"column":2},"end":{"line":87,"column":null}},"13":{"start":{"line":90,"column":0},"end":{"line":90,"column":null}},"14":{"start":{"line":92,"column":19},"end":{"line":101,"column":2}},"15":{"start":{"line":96,"column":2},"end":{"line":99,"column":null}},"16":{"start":{"line":102,"column":0},"end":{"line":102,"column":null}},"17":{"start":{"line":104,"column":25},"end":{"line":113,"column":2}},"18":{"start":{"line":108,"column":2},"end":{"line":111,"column":null}},"19":{"start":{"line":114,"column":0},"end":{"line":114,"column":null}}},"fnMap":{"0":{"name":"(anonymous_0)","decl":{"start":{"line":13,"column":2},"end":{"line":13,"column":3}},"loc":{"start":{"line":14,"column":2},"end":{"line":20,"column":null}}},"1":{"name":"(anonymous_1)","decl":{"start":{"line":48,"column":2},"end":{"line":48,"column":3}},"loc":{"start":{"line":48,"column":44},"end":{"line":56,"column":1}}},"2":{"name":"(anonymous_2)","decl":{"start":{"line":62,"column":2},"end":{"line":62,"column":3}},"loc":{"start":{"line":63,"column":2},"end":{"line":69,"column":null}}},"3":{"name":"(anonymous_3)","decl":{"start":{"line":77,"column":2},"end":{"line":77,"column":3}},"loc":{"start":{"line":78,"column":2},"end":{"line":87,"column":null}}},"4":{"name":"(anonymous_4)","decl":{"start":{"line":95,"column":2},"end":{"line":95,"column":3}},"loc":{"start":{"line":96,"column":2},"end":{"line":99,"column":null}}},"5":{"name":"(anonymous_5)","decl":{"start":{"line":107,"column":2},"end":{"line":107,"column":3}},"loc":{"start":{"line":108,"column":2},"end":{"line":111,"column":null}}}},"branchMap":{},"s":{"0":0,"1":0,"2":0,"3":0,"4":0,"5":0,"6":0,"7":0,"8":0,"9":0,"10":0,"11":0,"12":0,"13":0,"14":0,"15":0,"16":0,"17":0,"18":0,"19":0},"f":{"0":0,"1":0,"2":0,"3":0,"4":0,"5":0},"b":{}}
,"C:\\Users\\Mast3\\OneDrive\\Documents\\GitHub Rep\\Telegram SelfBot\\web\\src\\components\\ui\\toaster.tsx": {"path":"C:\\Users\\Mast3\\OneDrive\\Documents\\GitHub Rep\\Telegram SelfBot\\web\\src\\components\\ui\\toaster.tsx","statementMap":{"0":{"start":{"line":12,"column":21},"end":{"line":12,"column":31}},"1":{"start":{"line":14,"column":2},"end":{"line":32,"column":null}},"2":{"start":{"line":17,"column":8},"end":{"line":28,"column":null}}},"fnMap":{"0":{"name":"Toaster","decl":{"start":{"line":11,"column":16},"end":{"line":11,"column":23}},"loc":{"start":{"line":11,"column":23},"end":{"line":33,"column":1}}},"1":{"name":"(anonymous_1)","decl":{"start":{"line":16,"column":18},"end":{"line":16,"column":28}},"loc":{"start":{"line":16,"column":72},"end":{"line":29,"column":7}}}},"branchMap":{"0":{"loc":{"start":{"line":20,"column":15},"end":{"line":20,"column":56}},"type":"binary-expr","locations":[{"start":{"line":20,"column":15},"end":{"line":20,"column":20}},{"start":{"line":20,"column":24},"end":{"line":20,"column":56}}]},"1":{"loc":{"start":{"line":21,"column":15},"end":{"line":22,"column":null}},"type":"binary-expr","locations":[{"start":{"line":21,"column":15},"end":{"line":21,"column":26}},{"start":{"line":22,"column":16},"end":{"line":22,"column":66}}]}},"s":{"0":0,"1":0,"2":0},"f":{"0":0,"1":0},"b":{"0":[0,0],"1":[0,0]}}
,"C:\\Users\\Mast3\\OneDrive\\Documents\\GitHub Rep\\Telegram SelfBot\\web\\src\\hooks\\use-toast.ts": {"path":"C:\\Users\\Mast3\\OneDrive\\Documents\\GitHub Rep\\Telegram SelfBot\\web\\src\\hooks\\use-toast.ts","statementMap":{"0":{"start":{"line":9,"column":20},"end":{"line":9,"column":21}},"1":{"start":{"line":10,"column":27},"end":{"line":10,"column":31}},"2":{"start":{"line":19,"column":20},"end":{"line":24,"column":null}},"3":{"start":{"line":26,"column":12},"end":{"line":26,"column":13}},"4":{"start":{"line":29,"column":2},"end":{"line":29,"column":null}},"5":{"start":{"line":30,"column":2},"end":{"line":30,"column":null}},"6":{"start":{"line":57,"column":22},"end":{"line":57,"column":70}},"7":{"start":{"line":59,"column":16},"end":{"line":122,"column":1}},"8":{"start":{"line":60,"column":2},"end":{"line":121,"column":3}},"9":{"start":{"line":62,"column":6},"end":{"line":65,"column":null}},"10":{"start":{"line":68,"column":6},"end":{"line":73,"column":null}},"11":{"start":{"line":71,"column":10},"end":{"line":71,"column":66}},"12":{"start":{"line":76,"column":26},"end":{"line":76,"column":32}},"13":{"start":{"line":78,"column":6},"end":{"line":96,"column":7}},"14":{"start":{"line":79,"column":8},"end":{"line":83,"column":null}},"15":{"start":{"line":80,"column":10},"end":{"line":82,"column":11}},"16":{"start":{"line":81,"column":12},"end":{"line":81,"column":null}},"17":{"start":{"line":85,"column":8},"end":{"line":95,"column":null}},"18":{"start":{"line":88,"column":12},"end":{"line":93,"column":17}},"19":{"start":{"line":98,"column":6},"end":{"line":104,"column":null}},"20":{"start":{"line":100,"column":41},"end":{"line":103,"column":10}},"21":{"start":{"line":107,"column":26},"end":{"line":107,"column":32}},"22":{"start":{"line":109,"column":6},"end":{"line":114,"column":7}},"23":{"start":{"line":110,"column":8},"end":{"line":113,"column":null}},"24":{"start":{"line":112,"column":45},"end":{"line":112,"column":61}},"25":{"start":{"line":116,"column":6},"end":{"line":119,"column":null}},"26":{"start":{"line":124,"column":49},"end":{"line":124,"column":51}},"27":{"start":{"line":126,"column":25},"end":{"line":126,"column":39}},"28":{"start":{"line":129,"column":2},"end":{"line":129,"column":null}},"29":{"start":{"line":130,"column":2},"end":{"line":132,"column":null}},"30":{"start":{"line":131,"column":4},"end":{"line":131,"column":null}},"31":{"start":{"line":138,"column":13},"end":{"line":138,"column":20}},"32":{"start":{"line":140,"column":17},"end":{"line":144,"column":6}},"33":{"start":{"line":141,"column":4},"end":{"line":144,"column":6}},"34":{"start":{"line":145,"column":18},"end":{"line":145,"column":82}},"35":{"start":{"line":145,"column":24},"end":{"line":145,"column":82}},"36":{"start":{"line":147,"column":2},"end":{"line":157,"column":null}},"37":{"start":{"line":154,"column":8},"end":{"line":154,"column":null}},"38":{"start":{"line":154,"column":19},"end":{"line":154,"column":null}},"39":{"start":{"line":160,"column":20},"end":{"line":162,"column":24}},"40":{"start":{"line":161,"column":4},"end":{"line":161,"column":null}},"41":{"start":{"line":164,"column":2},"end":{"line":164,"column":null}},"42":{"start":{"line":166,"column":2},"end":{"line":170,"column":null}},"43":{"start":{"line":174,"column":28},"end":{"line":174,"column":62}},"44":{"start":{"line":176,"column":2},"end":{"line":184,"column":null}},"45":{"start":{"line":177,"column":4},"end":{"line":177,"column":null}},"46":{"start":{"line":178,"column":4},"end":{"line":183,"column":null}},"47":{"start":{"line":179,"column":20},"end":{"line":179,"column":47}},"48":{"start":{"line":180,"column":6},"end":{"line":182,"column":7}},"49":{"start":{"line":181,"column":8},"end":{"line":181,"column":null}},"50":{"start":{"line":186,"column":2},"end":{"line":190,"column":null}},"51":{"start":{"line":189,"column":35},"end":{"line":189,"column":89}}},"fnMap":{"0":{"name":"genId","decl":{"start":{"line":28,"column":9},"end":{"line":28,"column":14}},"loc":{"start":{"line":28,"column":14},"end":{"line":31,"column":1}}},"1":{"name":"(anonymous_1)","decl":{"start":{"line":59,"column":16},"end":{"line":59,"column":17}},"loc":{"start":{"line":59,"column":56},"end":{"line":122,"column":1}}},"2":{"name":"(anonymous_2)","decl":{"start":{"line":70,"column":33},"end":{"line":70,"column":34}},"loc":{"start":{"line":71,"column":10},"end":{"line":71,"column":66}}},"3":{"name":"(anonymous_3)","decl":{"start":{"line":79,"column":30},"end":{"line":79,"column":31}},"loc":{"start":{"line":79,"column":40},"end":{"line":83,"column":9}}},"4":{"name":"(anonymous_4)","decl":{"start":{"line":87,"column":35},"end":{"line":87,"column":36}},"loc":{"start":{"line":88,"column":12},"end":{"line":93,"column":17}}},"5":{"name":"(anonymous_5)","decl":{"start":{"line":100,"column":33},"end":{"line":100,"column":34}},"loc":{"start":{"line":100,"column":41},"end":{"line":103,"column":10}}},"6":{"name":"(anonymous_6)","decl":{"start":{"line":112,"column":38},"end":{"line":112,"column":39}},"loc":{"start":{"line":112,"column":45},"end":{"line":112,"column":61}}},"7":{"name":"dispatch","decl":{"start":{"line":128,"column":9},"end":{"line":128,"column":17}},"loc":{"start":{"line":128,"column":32},"end":{"line":133,"column":1}}},"8":{"name":"(anonymous_8)","decl":{"start":{"line":130,"column":20},"end":{"line":130,"column":21}},"loc":{"start":{"line":130,"column":33},"end":{"line":132,"column":3}}},"9":{"name":"toast","decl":{"start":{"line":137,"column":9},"end":{"line":137,"column":14}},"loc":{"start":{"line":137,"column":34},"end":{"line":171,"column":1}}},"10":{"name":"(anonymous_10)","decl":{"start":{"line":140,"column":17},"end":{"line":140,"column":18}},"loc":{"start":{"line":141,"column":4},"end":{"line":144,"column":6}}},"11":{"name":"(anonymous_11)","decl":{"start":{"line":145,"column":18},"end":{"line":145,"column":21}},"loc":{"start":{"line":145,"column":24},"end":{"line":145,"column":82}}},"12":{"name":"(anonymous_12)","decl":{"start":{"line":153,"column":20},"end":{"line":153,"column":21}},"loc":{"start":{"line":153,"column":38},"end":{"line":155,"column":7}}},"13":{"name":"(anonymous_13)","decl":{"start":{"line":160,"column":31},"end":{"line":160,"column":34}},"loc":{"start":{"line":160,"column":36},"end":{"line":162,"column":3}}},"14":{"name":"useToast","decl":{"start":{"line":173,"column":9},"end":{"line":173,"column":17}},"loc":{"start":{"line":173,"column":17},"end":{"line":191,"column":1}}},"15":{"name":"(anonymous_15)","decl":{"start":{"line":176,"column":18},"end":{"line":176,"column":21}},"loc":{"start":{"line":176,"column":23},"end":{"line":184,"column":3}}},"16":{"name":"(anonymous_16)","decl":{"start":{"line":178,"column":11},"end":{"line":178,"column":14}},"loc":{"start":{"line":178,"column":16},"end":{"line":183,"column":5}}},"17":{"name":"(anonymous_17)","decl":{"start":{"line":189,"column":13},"end":{"line":189,"column":14}},"loc":{"start":{"line":189,"column":35},"end":{"line":189,"column":89}}}},"branchMap":{"0":{"loc":{"start":{"line":60,"column":2},"end":{"line":121,"column":3}},"type":"switch","locations":[{"start":{"line":61,"column":4},"end":{"line":65,"column":null}},{"start":{"line":67,"column":4},"end":{"line":73,"column":null}},{"start":{"line":75,"column":4},"end":{"line":105,"column":5}},{"start":{"line":106,"column":4},"end":{"line":120,"column":5}}]},"1":{"loc":{"start":{"line":71,"column":10},"end":{"line":71,"column":66}},"type":"cond-expr","locations":[{"start":{"line":71,"column":37},"end":{"line":71,"column":62}},{"start":{"line":71,"column":65},"end":{"line":71,"column":66}}]},"2":{"loc":{"start":{"line":78,"column":6},"end":{"line":96,"column":7}},"type":"if","locations":[{"start":{"line":78,"column":6},"end":{"line":96,"column":7}}]},"3":{"loc":{"start":{"line":80,"column":10},"end":{"line":82,"column":11}},"type":"if","locations":[{"start":{"line":80,"column":10},"end":{"line":82,"column":11}}]},"4":{"loc":{"start":{"line":88,"column":12},"end":{"line":93,"column":17}},"type":"cond-expr","locations":[{"start":{"line":89,"column":16},"end":{"line":92,"column":null}},{"start":{"line":93,"column":16},"end":{"line":93,"column":17}}]},"5":{"loc":{"start":{"line":109,"column":6},"end":{"line":114,"column":7}},"type":"if","locations":[{"start":{"line":109,"column":6},"end":{"line":114,"column":7}}]},"6":{"loc":{"start":{"line":154,"column":8},"end":{"line":154,"column":null}},"type":"if","locations":[{"start":{"line":154,"column":8},"end":{"line":154,"column":null}}]},"7":{"loc":{"start":{"line":180,"column":6},"end":{"line":182,"column":7}},"type":"if","locations":[{"start":{"line":180,"column":6},"end":{"line":182,"column":7}}]}},"s":{"0":0,"1":0,"2":0,"3":0,"4":0,"5":0,"6":0,"7":0,"8":0,"9":0,"10":0,"11":0,"12":0,"13":0,"14":0,"15":0,"16":0,"17":0,"18":0,"19":0,"20":0,"21":0,"22":0,"23":0,"24":0,"25":0,"26":0,"27":0,"28":0,"29":0,"30":0,"31":0,"32":0,"33":0,"34":0,"35":0,"36":0,"37":0,"38":0,"39":0,"40":0,"41":0,"42":0,"43":0,"44":0,"45":0,"46":0,"47":0,"48":0,"49":0,"50":0,"51":0},"f":{"0":0,"1":0,"2":0,"3":0,"4":0,"5":0,"6":0,"7":0,"8":0,"9":0,"10":0,"11":0,"12":0,"13":0,"14":0,"15":0,"16":0,"17":0},"b":{"0":[0,0,0,0],"1":[0,0],"2":[0],"3":[0],"4":[0,0],"5":[0],"6":[0],"7":[0]}}
,"C:\\Users\\Mast3\\OneDrive\\Documents\\GitHub Rep\\Telegram SelfBot\\web\\src\\lib\\utils.ts": {"path":"C:\\Users\\Mast3\\OneDrive\\Documents\\GitHub Rep\\Telegram SelfBot\\web\\src\\lib\\utils.ts","statementMap":{"0":{"start":{"line":5,"column":2},"end":{"line":5,"column":null}},"1":{"start":{"line":9,"column":2},"end":{"line":9,"column":23}},"2":{"start":{"line":9,"column":13},"end":{"line":9,"column":23}},"3":{"start":{"line":11,"column":12},"end":{"line":11,"column":60}},"4":{"start":{"line":12,"column":2},"end":{"line":18,"column":15}},"5":{"start":{"line":22,"column":2},"end":{"line":22,"column":23}},"6":{"start":{"line":22,"column":13},"end":{"line":22,"column":23}},"7":{"start":{"line":23,"column":2},"end":{"line":23,"column":44}},"8":{"start":{"line":23,"column":32},"end":{"line":23,"column":44}},"9":{"start":{"line":25,"column":2},"end":{"line":25,"column":42}},"10":{"start":{"line":28,"column":28},"end":{"line":34,"column":2}}},"fnMap":{"0":{"name":"cn","decl":{"start":{"line":4,"column":16},"end":{"line":4,"column":18}},"loc":{"start":{"line":4,"column":42},"end":{"line":6,"column":1}}},"1":{"name":"formatDate","decl":{"start":{"line":8,"column":16},"end":{"line":8,"column":26}},"loc":{"start":{"line":8,"column":46},"end":{"line":19,"column":1}}},"2":{"name":"truncateText","decl":{"start":{"line":21,"column":16},"end":{"line":21,"column":28}},"loc":{"start":{"line":21,"column":65},"end":{"line":26,"column":1}}}},"branchMap":{"0":{"loc":{"start":{"line":9,"column":2},"end":{"line":9,"column":23}},"type":"if","locations":[{"start":{"line":9,"column":2},"end":{"line":9,"column":23}}]},"1":{"loc":{"start":{"line":11,"column":12},"end":{"line":11,"column":60}},"type":"cond-expr","locations":[{"start":{"line":11,"column":39},"end":{"line":11,"column":53}},{"start":{"line":11,"column":56},"end":{"line":11,"column":60}}]},"2":{"loc":{"start":{"line":21,"column":43},"end":{"line":21,"column":65}},"type":"default-arg","locations":[{"start":{"line":21,"column":63},"end":{"line":21,"column":65}}]},"3":{"loc":{"start":{"line":22,"column":2},"end":{"line":22,"column":23}},"type":"if","locations":[{"start":{"line":22,"column":2},"end":{"line":22,"column":23}}]},"4":{"loc":{"start":{"line":23,"column":2},"end":{"line":23,"column":44}},"type":"if","locations":[{"start":{"line":23,"column":2},"end":{"line":23,"column":44}}]}},"s":{"0":0,"1":0,"2":0,"3":0,"4":0,"5":0,"6":0,"7":0,"8":0,"9":0,"10":0},"f":{"0":0,"1":0,"2":0},"b":{"0":[0],"1":[0,0],"2":[0],"3":[0],"4":[0]}}
,"C:\\Users\\Mast3\\OneDrive\\Documents\\GitHub Rep\\Telegram SelfBot\\web\\src\\pages\\NotFoundPage.tsx": {"path":"C:\\Users\\Mast3\\OneDrive\\Documents\\GitHub Rep\\Telegram SelfBot\\web\\src\\pages\\NotFoundPage.tsx","statementMap":{"0":{"start":{"line":5,"column":31},"end":{"line":31,"column":1}},"1":{"start":{"line":6,"column":19},"end":{"line":6,"column":32}},"2":{"start":{"line":8,"column":2},"end":{"line":30,"column":null}},"3":{"start":{"line":17,"column":25},"end":{"line":17,"column":39}},"4":{"start":{"line":23,"column":25},"end":{"line":23,"column":38}}},"fnMap":{"0":{"name":"(anonymous_0)","decl":{"start":{"line":5,"column":31},"end":{"line":5,"column":34}},"loc":{"start":{"line":5,"column":36},"end":{"line":31,"column":1}}},"1":{"name":"(anonymous_1)","decl":{"start":{"line":17,"column":19},"end":{"line":17,"column":22}},"loc":{"start":{"line":17,"column":25},"end":{"line":17,"column":39}}},"2":{"name":"(anonymous_2)","decl":{"start":{"line":23,"column":19},"end":{"line":23,"column":22}},"loc":{"start":{"line":23,"column":25},"end":{"line":23,"column":38}}}},"branchMap":{},"s":{"0":0,"1":0,"2":0,"3":0,"4":0},"f":{"0":0,"1":0,"2":0},"b":{}}
,"C:\\Users\\Mast3\\OneDrive\\Documents\\GitHub Rep\\Telegram SelfBot\\web\\src\\pages\\auth\\LoginPage.tsx": {"path":"C:\\Users\\Mast3\\OneDrive\\Documents\\GitHub Rep\\Telegram SelfBot\\web\\src\\pages\\auth\\LoginPage.tsx","statementMap":{"0":{"start":{"line":29,"column":28},"end":{"line":140,"column":1}},"1":{"start":{"line":30,"column":34},"end":{"line":33,"column":4}},"2":{"start":{"line":34,"column":32},"end":{"line":34,"column":47}},"3":{"start":{"line":35,"column":19},"end":{"line":35,"column":32}},"4":{"start":{"line":36,"column":20},"end":{"line":36,"column":34}},"5":{"start":{"line":37,"column":20},"end":{"line":37,"column":30}},"6":{"start":{"line":39,"column":23},"end":{"line":42,"column":3}},"7":{"start":{"line":40,"column":28},"end":{"line":40,"column":36}},"8":{"start":{"line":41,"column":4},"end":{"line":41,"column":null}},"9":{"start":{"line":41,"column":27},"end":{"line":41,"column":53}},"10":{"start":{"line":44,"column":23},"end":{"line":95,"column":3}},"11":{"start":{"line":45,"column":4},"end":{"line":45,"column":null}},"12":{"start":{"line":47,"column":4},"end":{"line":54,"column":5}},"13":{"start":{"line":48,"column":6},"end":{"line":52,"column":null}},"14":{"start":{"line":53,"column":6},"end":{"line":53,"column":12}},"15":{"start":{"line":56,"column":4},"end":{"line":94,"column":5}},"16":{"start":{"line":57,"column":6},"end":{"line":57,"column":null}},"17":{"start":{"line":59,"column":26},"end":{"line":59,"column":40}},"18":{"start":{"line":60,"column":6},"end":{"line":60,"column":null}},"19":{"start":{"line":61,"column":6},"end":{"line":61,"column":null}},"20":{"start":{"line":63,"column":23},"end":{"line":66,"column":8}},"21":{"start":{"line":68,"column":31},"end":{"line":68,"column":44}},"22":{"start":{"line":71,"column":27},"end":{"line":75,"column":8}},"23":{"start":{"line":77,"column":6},"end":{"line":77,"column":null}},"24":{"start":{"line":79,"column":6},"end":{"line":83,"column":null}},"25":{"start":{"line":85,"column":6},"end":{"line":85,"column":null}},"26":{"start":{"line":87,"column":6},"end":{"line":91,"column":null}},"27":{"start":{"line":93,"column":6},"end":{"line":93,"column":null}},"28":{"start":{"line":97,"column":2},"end":{"line":139,"column":null}}},"fnMap":{"0":{"name":"(anonymous_0)","decl":{"start":{"line":29,"column":28},"end":{"line":29,"column":31}},"loc":{"start":{"line":29,"column":33},"end":{"line":140,"column":1}}},"1":{"name":"(anonymous_1)","decl":{"start":{"line":39,"column":23},"end":{"line":39,"column":24}},"loc":{"start":{"line":39,"column":66},"end":{"line":42,"column":3}}},"2":{"name":"(anonymous_2)","decl":{"start":{"line":41,"column":16},"end":{"line":41,"column":17}},"loc":{"start":{"line":41,"column":27},"end":{"line":41,"column":53}}},"3":{"name":"(anonymous_3)","decl":{"start":{"line":44,"column":23},"end":{"line":44,"column":28}},"loc":{"start":{"line":44,"column":52},"end":{"line":95,"column":3}}}},"branchMap":{"0":{"loc":{"start":{"line":47,"column":4},"end":{"line":54,"column":5}},"type":"if","locations":[{"start":{"line":47,"column":4},"end":{"line":54,"column":5}}]},"1":{"loc":{"start":{"line":47,"column":8},"end":{"line":47,"column":48}},"type":"binary-expr","locations":[{"start":{"line":47,"column":8},"end":{"line":47,"column":26}},{"start":{"line":47,"column":30},"end":{"line":47,"column":48}}]},"2":{"loc":{"start":{"line":90,"column":21},"end":{"line":90,"column":88}},"type":"binary-expr","locations":[{"start":{"line":90,"column":21},"end":{"line":90,"column":49}},{"start":{"line":90,"column":53},"end":{"line":90,"column":88}}]},"3":{"loc":{"start":{"line":135,"column":11},"end":{"line":135,"column":46}},"type":"cond-expr","locations":[{"start":{"line":135,"column":21},"end":{"line":135,"column":37}},{"start":{"line":135,"column":40},"end":{"line":135,"column":46}}]}},"s":{"0":0,"1":0,"2":0,"3":0,"4":0,"5":0,"6":0,"7":0,"8":0,"9":0,"10"
[...]
},"end":{"line":69,"column":55}},"26":{"start":{"line":70,"column":4},"end":{"line":70,"column":null}},"27":{"start":{"line":74,"column":22},"end":{"line":101,"column":3}},"28":{"start":{"line":75,"column":4},"end":{"line":77,"column":5}},"29":{"start":{"line":76,"column":6},"end":{"line":76,"column":null}},"30":{"start":{"line":80,"column":4},"end":{"line":100,"column":null}},"31":{"start":{"line":84,"column":25},"end":{"line":84,"column":102}},"32":{"start":{"line":84,"column":82},"end":{"line":84,"column":89}},"33":{"start":{"line":86,"column":10},"end":{"line":97,"column":null}},"34":{"start":{"line":103,"column":2},"end":{"line":112,"column":3}},"35":{"start":{"line":104,"column":4},"end":{"line":111,"column":null}},"36":{"start":{"line":114,"column":2},"end":{"line":175,"column":null}},"37":{"start":{"line":124,"column":10},"end":{"line":124,"column":null}},"38":{"start":{"line":152,"column":12},"end":{"line":152,"column":43}},"39":{"start":{"line":159,"column":10},"end":{"line":159,"column":41}}},"fnMap":{"0":{"name":"(anonymous_0)","decl":{"start":{"line":25,"column":28},"end":{"line":25,"column":31}},"loc":{"start":{"line":25,"column":33},"end":{"line":176,"column":1}}},"1":{"name":"(anonymous_1)","decl":{"start":{"line":31,"column":12},"end":{"line":31,"column":15}},"loc":{"start":{"line":31,"column":17},"end":{"line":33,"column":3}}},"2":{"name":"(anonymous_2)","decl":{"start":{"line":35,"column":21},"end":{"line":35,"column":26}},"loc":{"start":{"line":35,"column":32},"end":{"line":55,"column":3}}},"3":{"name":"(anonymous_3)","decl":{"start":{"line":57,"column":29},"end":{"line":57,"column":30}},"loc":{"start":{"line":57,"column":82},"end":{"line":64,"column":3}}},"4":{"name":"(anonymous_4)","decl":{"start":{"line":66,"column":23},"end":{"line":66,"column":24}},"loc":{"start":{"line":66,"column":43},"end":{"line":71,"column":3}}},"5":{"name":"(anonymous_5)","decl":{"start":{"line":74,"column":22},"end":{"line":74,"column":23}},"loc":{"start":{"line":74,"column":47},"end":{"line":101,"column":3}}},"6":{"name":"(anonymous_6)","decl":{"start":{"line":82,"column":18},"end":{"line":82,"column":19}},"loc":{"start":{"line":82,"column":35},"end":{"line":98,"column":9}}},"7":{"name":"(anonymous_7)","decl":{"start":{"line":84,"column":77},"end":{"line":84,"column":78}},"loc":{"start":{"line":84,"column":82},"end":{"line":84,"column":89}}},"8":{"name":"(anonymous_8)","decl":{"start":{"line":123,"column":26},"end":{"line":123,"column":27}},"loc":{"start":{"line":124,"column":10},"end":{"line":124,"column":null}}},"9":{"name":"(anonymous_9)","decl":{"start":{"line":151,"column":22},"end":{"line":151,"column":27}},"loc":{"start":{"line":152,"column":12},"end":{"line":152,"column":43}}},"10":{"name":"(anonymous_10)","decl":{"start":{"line":158,"column":20},"end":{"line":158,"column":25}},"loc":{"start":{"line":159,"column":10},"end":{"line":159,"column":41}}}},"branchMap":{"0":{"loc":{"start":{"line":58,"column":4},"end":{"line":62,"column":5}},"type":"if","locations":[{"start":{"line":58,"column":4},"end":{"line":62,"column":5}},{"start":{"line":60,"column":11},"end":{"line":62,"column":5}}]},"1":{"loc":{"start":{"line":60,"column":11},"end":{"line":62,"column":5}},"type":"if","locations":[{"start":{"line":60,"column":11},"end":{"line":62,"column":5}}]},"2":{"loc":{"start":{"line":67,"column":4},"end":{"line":67,"column":null}},"type":"if","locations":[{"start":{"line":67,"column":4},"end":{"line":67,"column":null}}]},"3":{"loc":{"start":{"line":75,"column":4},"end":{"line":77,"column":5}},"type":"if","locations":[{"start":{"line":75,"column":4},"end":{"line":77,"column":5}}]},"4":{"loc":{"start":{"line":75,"column":8},"end":{"line":75,"column":34}},"type":"binary-expr","locations":[{"start":{"line":75,"column":8},"end":{"line":75,"column":13}},{"start":{"line":75,"column":17},"end":{"line":75,"column":34}}]},"5":{"loc":{"start":{"line":103,"column":2},"end":{"line":112,"column":3}},"type":"if","locations":[{"start":{"line":103,"column":2},"end":{"line":112,"column":3}}]},"6":{"loc":{"start":{"line":136,"column":15},"end":{"line":140,"column":null}},"type":"binary-expr","locations":[{"start":{"line":136,"column":15},"end":{"line":136,"column":40}},{"start":{"line":137,"column":16},"end":{"line":139,"column":null}}]},"7":{"loc":{"start":{"line":138,"column":19},"end":{"line":138,"column":117}},"type":"cond-expr","locations":[{"start":{"line":138,"column":52},"end":{"line":138,"column":60}},{"start":{"line":138,"column":63},"end":{"line":138,"column":117}}]},"8":{"loc":{"start":{"line":138,"column":63},"end":{"line":138,"column":117}},"type":"cond-expr","locations":[{"start":{"line":138,"column":96},"end":{"line":138,"column":102}},{"start":{"line":138,"column":105},"end":{"line":138,"column":117}}]}},"s":{"0":0,"1":0,"2":0,"3":0,"4":0,"5":0,"6":0,"7":0,"8":0,"9":0,"10":0,"11":0,"12":0,"13":0,"14":0,"15":0,"16":0,"17":0,"18":0,"19":0,"20":0,"21":0,"22":0,"23":0,"24":0,"25":0,"26":0,"27":0,"28":0,"29":0,"30":0,"31":0,"32":0,"33":0,"34":0,"35":0,"36":0,"37":0,"38":0,"39":0},"f":{"0":0,"1":0,"2":0,"3":0,"4":0,"5":0,"6":0,"7":0,"8":0,"9":0,"10":0},"b":{"0":[0,0],"1":[0],"2":[0],"3":[0],"4":[0,0],"5":[0],"6":[0,0],"7":[0,0],"8":[0,0]}}
,"C:\\Users\\Mast3\\OneDrive\\Documents\\GitHub Rep\\Telegram SelfBot\\web\\src\\pages\\dashboard\\UsersPage.tsx": {"path":"C:\\Users\\Mast3\\OneDrive\\Documents\\GitHub Rep\\Telegram SelfBot\\web\\src\\pages\\dashboard\\UsersPage.tsx","statementMap":{"0":{"start":{"line":29,"column":28},"end":{"line":331,"column":1}},"1":{"start":{"line":30,"column":28},"end":{"line":30,"column":48}},"2":{"start":{"line":31,"column":44},"end":{"line":31,"column":64}},"3":{"start":{"line":32,"column":32},"end":{"line":32,"column":55}},"4":{"start":{"line":33,"column":38},"end":{"line":33,"column":58}},"5":{"start":{"line":34,"column":46},"end":{"line":34,"column":70}},"6":{"start":{"line":35,"column":32},"end":{"line":41,"column":4}},"7":{"start":{"line":42,"column":20},"end":{"line":42,"column":30}},"8":{"start":{"line":44,"column":2},"end":{"line":46,"column":null}},"9":{"start":{"line":45,"column":4},"end":{"line":45,"column":null}},"10":{"start":{"line":48,"column":2},"end":{"line":60,"column":null}},"11":{"start":{"line":50,"column":4},"end":{"line":59,"column":5}},"12":{"start":{"line":51,"column":6},"end":{"line":51,"column":null}},"13":{"start":{"line":53,"column":23},"end":{"line":56,"column":null}},"14":{"start":{"line":54,"column":8},"end":{"line":56,"column":67}},"15":{"start":{"line":58,"column":6},"end":{"line":58,"column":null}},"16":{"start":{"line":62,"column":21},"end":{"line":77,"column":3}},"17":{"start":{"line":63,"column":4},"end":{"line":76,"column":5}},"18":{"start":{"line":64,"column":6},"end":{"line":64,"column":null}},"19":{"start":{"line":65,"column":23},"end":{"line":65,"column":60}},"20":{"start":{"line":66,"column":6},"end":{"line":66,"column":null}},"21":{"start":{"line":67,"column":6},"end":{"line":67,"column":null}},"22":{"start":{"line":69,"column":6},"end":{"line":73,"column":null}},"23":{"start":{"line":75,"column":6},"end":{"line":75,"column":null}},"24":{"start":{"line":79,"column":29},"end":{"line":103,"column":3}},"25":{"start":{"line":80,"column":4},"end":{"line":102,"column":5}},"26":{"start":{"line":81,"column":6},"end":{"line":83,"column":null}},"27":{"start":{"line":86,"column":27},"end":{"line":87,"column":null}},"28":{"start":{"line":87,"column":8},"end":{"line":87,"column":74}},"29":{"start":{"line":90,"column":6},"end":{"line":90,"column":null}},"30":{"start":{"line":92,"column":6},"end":{"line":95,"column":null}},"31":{"start":{"line":97,"column":6},"end":{"line":101,"column":null}},"32":{"start":{"line":105,"column":28},"end":{"line":129,"column":3}},"33":{"start":{"line":106,"column":4},"end":{"line":128,"column":5}},"34":{"start":{"line":107,"column":6},"end":{"line":109,"column":null}},"35":{"start":{"line":112,"column":27},"end":{"line":113,"column":null}},"36":{"start":{"line":113,"column":8},"end":{"line":113,"column":73}},"37":{"start":{"line":116,"column":6},"end":{"line":116,"column":null}},"38":{"start":{"line":118,"column":6},"end":{"line":121,"column":null}},"39":{"start":{"line":123,"column":6},"end":{"line":127,"column":null}},"40":{"start":{"line":131,"column":24},"end":{"line":169,"column":3}},"41":{"start":{"line":132,"column":4},"end":{"line":168,"column":5}},"42":{"start":{"line":134,"column":6},"end":{"line":141,"column":7}},"43":{"start":{"line":135,"column":8},"end":{"line":139,"column":null}},"44":{"start":{"line":140,"column":8},"end":{"line":140,"column":14}},"45":{"start":{"line":143,"column":23},"end":{"line":143,"column":68}},"46":{"start":{"line":146,"column":6},"end":{"line":146,"column":null}},"47":{"start":{"line":149,"column":6},"end":{"line":149,"column":null}},"48":{"start":{"line":150,"column":6},"end":{"line":156,"column":null}},"49":{"start":{"line":158,"column":6},"end":{"line":161,"column":null}},"50":{"start":{"line":163,"column":6},"end":{"line":167,"column":null}},"51":{"start":{"line":171,"column":21},"end":{"line":181,"column":3}},"52":{"start":{"line":172,"column":4},"end":{"line":172,"column":null}},"53":{"start":{"line":172,"column":21},"end":{"line":172,"column":null}},"54":{"start":{"line":174,"column":4},"end":{"line":180,"column":null}},"55":{"start":{"line":183,"column":2},"end":{"line":330,"column":null}},"56":{"start":{"line":188,"column":33},"end":{"line":188,"column":56}},"57":{"start":{"line":189,"column":33},"end":{"line":189,"column":45}},"58":{"start":{"line":197,"column":64},"end":{"line":197,"column":93}},"59":{"start":{"line":226,"column":20},"end":{"line":226,"column":38}},"60":{"start":{"line":234,"column":49},"end":{"line":234,"column":90}},"61":{"start":{"line":240,"column":49},"end":{"line":240,"column":92}},"62":{"start":{"line":277,"column":70},"end":{"line":277,"column":122}},"63":{"start":{"line":287,"column":70},"end":{"line":287,"column":123}},"64":{"start":{"line":298,"column":70},"end":{"line":298,"column":119}},"65":{"start":{"line":309,"column":70},"end":{"line":309,"column":122}},"66":{"start":{"line":317,"column":55},"end":{"line":317,"column":100}},"67":{"start":{"line":324,"column":53},"end":{"line":324,"column":77}}},"fnMap":{"0":{"name":"(anonymous_0)","decl":{"start":{"line":29,"column":28},"end":{"line":29,"column":31}},"loc":{"start":{"line":29,"column":33},"end":{"line":331,"column":1}}},"1":{"name":"(anonymous_1)","decl":{"start":{"line":44,"column":12},"end":{"line":44,"column":15}},"loc":{"start":{"line":44,"column":17},"end":{"line":46,"column":3}}},"2":{"name":"(anonymous_2)","decl":{"start":{"line":48,"column":12},"end":{"line":48,"column":15}},"loc":{"start":{"line":48,"column":17},"end":{"line":60,"column":3}}},"3":{"name":"(anonymous_3)","decl":{"start":{"line":53,"column":36},"end":{"line":53,"column":40}},"loc":{"start":{"line":54,"column":8},"end":{"line":56,"column":67}}},"4":{"name":"(anonymous_4)","decl":{"start":{"line":62,"column":21},"end":{"line":62,"column":26}},"loc":{"start":{"line":62,"column":32},"end":{"line":77,"column":3}}},"5":{"name":"(anonymous_5)","decl":{"start":{"line":79,"column":29},"end":{"line":79,"column":34}},"loc":{"start":{"line":79,"column":78},"end":{"line":103,"column":3}}},"6":{"name":"(anonymous_6)","decl":{"start":{"line":86,"column":37},"end":{"line":86,"column":41}},"loc":{"start":{"line":87,"column":8},"end":{"line":87,"column":74}}},"7":{"name":"(anonymous_7)","decl":{"start":{"line":105,"column":28},"end":{"line":105,"column":33}},"loc":{"start":{"line":105,"column":77},"end":{"line":129,"column":3}}},"8":{"name":"(anonymous_8)","decl":{"start":{"line":112,"column":37},"end":{"line":112,"column":41}},"loc":{"start":{"line":113,"column":8},"end":{"line":113,"column":73}}},"9":{"name":"(anonymous_9)","decl":{"start":{"line":131,"column":24},"end":{"line":131,"column":29}},"loc":{"start":{"line":131,"column":35},"end":{"line":169,"column":3}}},"10":{"name":"(anonymous_10)","decl":{"start":{"line":171,"column":21},"end":{"line":171,"column":22}},"loc":{"start":{"line":171,"column":51},"end":{"line":181,"column":3}}},"11":{"name":"(anonymous_11)","decl":{"start":{"line":188,"column":27},"end":{"line":188,"column":30}},"loc":{"start":{"line":188,"column":33},"end":{"line":188,"column":56}}},"12":{"name":"(anonymous_12)","decl":{"start":{"line":189,"column":27},"end":{"line":189,"column":30}},"loc":{"start":{"line":189,"column":33},"end":{"line":189,"column":45}}},"13":{"name":"(anonymous_13)","decl":{"start":{"line":197,"column":20},"end":{"line":197,"column":21}},"loc":{"start":{"line":197,"column":64},"end":{"line":197,"column":93}}},"14":{"name":"(anonymous_14)","decl":{"start":{"line":225,"column":37},"end":{"line":225,"column":41}},"loc":{"start":{"line":226,"column":20},"end":{"line":226,"column":38}}},"15":{"name":"(anonymous_15)","decl":{"start":{"line":234,"column":43},"end":{"line":234,"column":46}},"loc":{"start":{"line":234,"column":49},"end":{"line":234,"column":90}}},"16":{"name":"(anonymous_16)","decl":{"start":{"line":240,"column":43},"end":{"line":240,"column":46}},"loc":{"start":{"line":240,"column":49},"end":{"line":240,"column":92}}},"17":{"name":"(anonymous_17)","decl":{"start":{"line":277,"column":26},"end":{"line":277,"column":27}},"loc":{"start":{"line":277,"column":70},"end":{"line":277,"column":122}}},"18":{"name":"(anonymous_18)","decl":{"start":{"line":287,"column":26},"end":{"line":287,"column":27}},"loc":{"start":{"line":287,"column":70},"end":{"line":287,"column":123}}},"19":{"name":"(anonymous_19)","decl":{"start":{"line":298,"column":26},"end":{"line":298,"column":27}},"loc":{"start":{"line":298,"column":70},"end":{"line":298,"column":119}}},"20":{"name":"(anonymous_20)","decl":{"start":{"line":309,"column":26},"end":{"line":309,"column":27}},"loc":{"start":{"line":309,"column":70},"end":{"line":309,"column":122}}},"21":{"name":"(anonymous_21)","decl":{"start":{"line":317,"column":33},"end":{"line":317,"column":34}},"loc":{"start":{"line":317,"column":55},"end":{"line":317,"column":100}}},"22":{"name":"(anonymous_22)","decl":{"start":{"line":324,"column":47},"end":{"line":324,"column":50}},"loc":{"start":{"line":324,"column":53},"end":{"line":324,"column":77}}}},"branchMap":{"0":{"loc":{"start":{"line":50,"column":4},"end":{"line":59,"column":5}},"type":"if","locations":[{"start":{"line":50,"column":4},"end":{"line":59,"column":5}},{"start":{"line":52,"column":11},"end":{"line":59,"column":5}}]},"1":{"loc":{"start":{"line":54,"column":8},"end":{"line":56,"column":67}},"type":"binary-expr","locations":[{"start":{"line":54,"column":8},"end":{"line":54,"column":70}},{"start":{"line":55,"column":8},"end":{"line":55,"column":71}},{"start":{"line":56,"column":8},"end":{"line":56,"column":67}}]},"2":{"loc":{"start":{"line":87,"column":8},"end":{"line":87,"column":74}},"type":"cond-expr","locations":[{"start":{"line":87,"column":29},"end":{"line":87,"column":67}},{"start":{"line":87,"column":70},"end":{"line":87,"column":74}}]},"3":{"loc":{"start":{"line":94,"column":30},"end":{"line":94,"column":65}},"type":"cond-expr","locations":[{"start":{"line":94,"column":47},"end":{"line":94,"column":53}},{"start":{"line":94,"column":56},"end":{"line":94,"column":65}}]},"4":{"loc":{"start":{"line":113,"column":8},"end":{"line":113,"column":73}},"type":"cond-expr","locations":[{"start":{"line":113,"column":29},"end":{"line":113,"column":66}},{"start":{"line":113,"column":69},"end":{"line":113,"column":73}}]},"5":{"loc":{"start":{"line":120,"column":38},"end":{"line":120,"column":71}},"type":"cond-expr","locations":[{"start":{"line":120,"column":55},"end":{"line":120,"column":61}},{"start":{"line":120,"column":64},"end":{"line":120,"column":71}}]},"6":{"loc":{"start":{"line":134,"column":6},"end":{"line":141,"column":7}},"type":"if","locations":[{"start":{"line":134,"column":6},"end":{"line":141,"column":7}}]},"7":{"loc":{"start":{"line":134,"column":10},"end":{"line":134,"column":66}},"type":"binary-expr","locations":[{"start":{"line":134,"column":10},"end":{"line":134,"column":27}},{"start":{"line":134,"column":31},"end":{"line":134,"column":45}},{"start":{"line":134,"column":49},"end":{"line":134,"column":66}}]},"8":{"loc":{"start":{"line":172,"column":4},"end":{"line":172,"column":null}},"type":"if","locations":[{"start":{"line":172,"column":4},"end":{"line":172,"column":null}}]},"9":{"loc":{"start":{"line":202,"column":7},"end":{"line":257,"column":null}},"type":"cond-expr","locations":[{"start":{"line":203,"column":8},"end":{"line":204,"column":null}},{"start":{"line":207,"column":8},"end":{"line":256,"column":null}}]},"10":{"loc":{"start":{"line":228,"column":49},"end":{"line":228,"column":70}},"type":"binary-expr","locations":[{"start":{"line":228,"column":49},"end":{"line":228,"column":63}},{"start":{"line":228,"column":67},"end":{"line":228,"column":70}}]},"11":{"loc":{"start":{"line":246,"column":19},"end":{"line":251,"column":null}},"type":"binary-expr","locations":[{"start":{"line":246,"column":19},"end":{"line":246,"column":45}},{"start":{"line":247,"column":20},"end":{"line":250,"column":null}}]},"12":{"loc":{"start":{"line":249,"column":25},"end":{"line":249,"column":99}},"type":"cond-expr","locations":[{"start":{"line":249,"column":38},"end":{"line":249,"column":73}},{"start":{"line":249,"column":76},"end":{"line":249,"column":99}}]}},"s":{"0":0,"1":0,"2":0,"3":0,"4":0,"5":0,"6":0,"7":0,"8":0,"9":0,"10":0,"11":0,"12":0,"13":0,"14":0,"15":0,"16":0,"17":0,"18":0,"19":0,"20":0,"21":0,"22":0,"23":0,"24":0,"25":0,"26":0,"27":0,"28":0,"29":0,"30":0,"31":0,"32":0,"33":0,"34":0,"35":0,"36":0,"37":0,"38":0,"39":0,"40":0,"41":0,"42":0,"43":0,"44":0,"45":0,"46":0,"47":0,"48":0,"49":0,"50":0,"51":0,"52":0,"53":0,"54":0,"55":0,"56":0,"57":0,"58":0,"59":0,"60":0,"61":0,"62":0,"63":0,"64":0,"65":0,"66":0,"67":0},"f":{"0":0,"1":0,"2":0,"3":0,"4":0,"5":0,"6":0,"7":0,"8":0,"9":0,"10":0,"11":0,"12":0,"13":0,"14":0,"15":0,"16":0,"17":0,"18":0,"19":0,"20":0,"21":0,"22":0},"b":{"0":[0,0],"1":[0,0,0],"2":[0,0],"3":[0,0],"4":[0,0],"5":[0,0],"6":[0],"7":[0,0,0],"8":[0],"9":[0,0],"10":[0,0],"11":[0,0],"12":[0,0]}}
,"C:\\Users\\Mast3\\OneDrive\\Documents\\GitHub Rep\\Telegram SelfBot\\web\\src\\stores\\authStore.ts": {"path":"C:\\Users\\Mast3\\OneDrive\\Documents\\GitHub Rep\\Telegram SelfBot\\web\\src\\stores\\authStore.ts","statementMap":{"0":{"start":{"line":20,"column":28},"end":{"line":35,"column":null}},"1":{"start":{"line":22,"column":14},"end":{"line":31,"column":6}},"2":{"start":{"line":26,"column":30},"end":{"line":26,"column":73}},"3":{"start":{"line":27,"column":20},"end":{"line":27,"column":76}},"4":{"start":{"line":28,"column":32},"end":{"line":30,"column":9}},"5":{"start":{"line":28,"column":48},"end":{"line":30,"column":8}}},"fnMap":{"0":{"name":"(anonymous_0)","decl":{"start":{"line":22,"column":4},"end":{"line":22,"column":5}},"loc":{"start":{"line":22,"column":14},"end":{"line":31,"column":6}}},"1":{"name":"(anonymous_1)","decl":{"start":{"line":26,"column":13},"end":{"line":26,"column":14}},"loc":{"start":{"line":26,"column":30},"end":{"line":26,"column":73}}},"2":{"name":"(anonymous_2)","decl":{"start":{"line":27,"column":14},"end":{"line":27,"column":17}},"loc":{"start":{"line":27,"column":20},"end":{"line":27,"column":76}}},"3":{"name":"(anonymous_3)","decl":{"start":{"line":28,"column":18},"end":{"line":28,"column":19}},"loc":{"start":{"line":28,"column":32},"end":{"line":30,"column":9}}},"4":{"name":"(anonymous_4)","decl":{"start":{"line":28,"column":36},"end":{"line":28,"column":37}},"loc":{"start":{"line":28,"column":48},"end":{"line":30,"column":8}}}},"branchMap":{"0":{"loc":{"start":{"line":29,"column":14},"end":{"line":29,"column":64}},"type":"cond-expr","locations":[{"start":{"line":29,"column":27},"end":{"line":29,"column":57}},{"start":{"line":29,"column":60},"end":{"line":29,"column":64}}]}},"s":{"0":0,"1":0,"2":0,"3":0,"4":0,"5":0},"f":{"0":0,"1":0,"2":0,"3":0,"4":0},"b":{"0":[0,0]}}
}
